<?xml version="1.0" encoding="UTF-8"?>
<coverage generated="1773264155478" clover="3.2.0">
  <project timestamp="1773264155478" name="All files">
    <metrics statements="848" coveredstatements="436" conditionals="586" coveredconditionals="276" methods="294" coveredmethods="140" elements="1728" coveredelements="852" complexity="0" loc="848" ncloc="848" packages="7" files="27" classes="27"/>
    <package name="coding">
      <metrics statements="0" coveredstatements="0" conditionals="0" coveredconditionals="0" methods="0" coveredmethods="0"/>
      <file name="YAWT" path="/Users/ethan/Documents/coding/YAWT">
        <metrics statements="0" coveredstatements="0" conditionals="0" coveredconditionals="0" methods="0" coveredmethods="0"/>
      </file>
    </package>
    <package name="coding.YAWT.e2e">
      <metrics statements="13" coveredstatements="12" conditionals="4" coveredconditionals="4" methods="7" coveredmethods="5"/>
      <file name="helpers.js" path="/Users/ethan/Documents/coding/YAWT/e2e/helpers.js">
        <metrics statements="13" coveredstatements="12" conditionals="4" coveredconditionals="4" methods="7" coveredmethods="5"/>
        <line num="6" count="18" type="stmt"/>
        <line num="9" count="18" type="stmt"/>
        <line num="11" count="0" type="stmt"/>
        <line num="27" count="18" type="stmt"/>
        <line num="28" count="18" type="stmt"/>
        <line num="33" count="18" type="stmt"/>
        <line num="34" count="18" type="stmt"/>
        <line num="35" count="18" type="stmt"/>
        <line num="42" count="19" type="stmt"/>
        <line num="43" count="19" type="stmt"/>
        <line num="44" count="146" type="stmt"/>
        <line num="45" count="146" type="cond" truecount="4" falsecount="0"/>
        <line num="47" count="51" type="stmt"/>
      </file>
    </package>
    <package name="coding.YAWT.e2e.mocks">
      <metrics statements="27" coveredstatements="20" conditionals="14" coveredconditionals="3" methods="8" coveredmethods="5"/>
      <file name="data.js" path="/Users/ethan/Documents/coding/YAWT/e2e/mocks/data.js">
        <metrics statements="5" coveredstatements="5" conditionals="0" coveredconditionals="0" methods="0" coveredmethods="0"/>
        <line num="4" count="4" type="stmt"/>
        <line num="15" count="4" type="stmt"/>
        <line num="16" count="4" type="stmt"/>
        <line num="18" count="4" type="stmt"/>
        <line num="28" count="4" type="stmt"/>
      </file>
      <file name="handlers.js" path="/Users/ethan/Documents/coding/YAWT/e2e/mocks/handlers.js">
        <metrics statements="22" coveredstatements="15" conditionals="14" coveredconditionals="3" methods="8" coveredmethods="5"/>
        <line num="8" count="22" type="stmt"/>
        <line num="9" count="22" type="stmt"/>
        <line num="10" count="22" type="stmt"/>
        <line num="13" count="4" type="stmt"/>
        <line num="15" count="4" type="stmt"/>
        <line num="17" count="4" type="stmt"/>
        <line num="20" count="18" type="stmt"/>
        <line num="25" count="17" type="stmt"/>
        <line num="30" count="17" type="stmt"/>
        <line num="35" count="1" type="stmt"/>
        <line num="36" count="1" type="stmt"/>
        <line num="37" count="1" type="stmt"/>
        <line num="39" count="1" type="cond" truecount="1" falsecount="1"/>
        <line num="40" count="1" type="cond" truecount="1" falsecount="1"/>
        <line num="41" count="0" type="cond" truecount="0" falsecount="2"/>
        <line num="42" count="0" type="cond" truecount="0" falsecount="2"/>
        <line num="43" count="0" type="cond" truecount="0" falsecount="2"/>
        <line num="44" count="0" type="cond" truecount="0" falsecount="2"/>
        <line num="47" count="1" type="stmt"/>
        <line num="55" count="0" type="stmt"/>
        <line num="63" count="0" type="stmt"/>
        <line num="68" count="0" type="stmt"/>
      </file>
    </package>
    <package name="coding.YAWT.src">
      <metrics statements="96" coveredstatements="65" conditionals="68" coveredconditionals="55" methods="22" coveredmethods="15"/>
      <file name="App.css" path="/Users/ethan/Documents/coding/YAWT/src/App.css">
        <metrics statements="0" coveredstatements="0" conditionals="0" coveredconditionals="0" methods="0" coveredmethods="0"/>
      </file>
      <file name="App.jsx" path="/Users/ethan/Documents/coding/YAWT/src/App.jsx">
        <metrics statements="96" coveredstatements="65" conditionals="68" coveredconditionals="55" methods="22" coveredmethods="15"/>
        <line num="1" count="4" type="stmt"/>
        <line num="14" count="4" type="stmt"/>
        <line num="17" count="34" type="cond" truecount="1" falsecount="1"/>
        <line num="21" count="96" type="stmt"/>
        <line num="22" count="96" type="stmt"/>
        <line num="23" count="96" type="stmt"/>
        <line num="24" count="96" type="stmt"/>
        <line num="25" count="96" type="stmt"/>
        <line num="26" count="96" type="stmt"/>
        <line num="27" count="96" type="stmt"/>
        <line num="28" count="96" type="stmt"/>
        <line num="29" count="96" type="stmt"/>
        <line num="30" count="96" type="stmt"/>
        <line num="31" count="96" type="stmt"/>
        <line num="32" count="96" type="stmt"/>
        <line num="33" count="96" type="stmt"/>
        <line num="34" count="96" type="stmt"/>
        <line num="37" count="96" type="stmt"/>
        <line num="38" count="35" type="stmt"/>
        <line num="39" count="35" type="cond" truecount="3" falsecount="1"/>
        <line num="40" count="0" type="stmt"/>
        <line num="44" count="96" type="cond" truecount="2" falsecount="0"/>
        <line num="47" count="1" type="stmt"/>
        <line num="48" count="1" type="cond" truecount="1" falsecount="1"/>
        <line num="49" count="1" type="stmt"/>
        <line num="50" count="1" type="stmt"/>
        <line num="58" count="9" type="cond" truecount="1" falsecount="1"/>
        <line num="59" count="9" type="stmt"/>
        <line num="60" count="9" type="cond" truecount="2" falsecount="0"/>
        <line num="61" count="9" type="stmt"/>
        <line num="64" count="96" type="stmt"/>
        <line num="67" count="18" type="cond" truecount="3" falsecount="1"/>
        <line num="68" count="18" type="stmt"/>
        <line num="69" count="18" type="stmt"/>
        <line num="70" count="18" type="cond" truecount="2" falsecount="0"/>
        <line num="72" count="17" type="stmt"/>
        <line num="73" count="1" type="cond" truecount="1" falsecount="1"/>
        <line num="77" count="0" type="stmt"/>
        <line num="81" count="0" type="stmt"/>
        <line num="84" count="18" type="stmt"/>
        <line num="88" count="17" type="stmt"/>
        <line num="90" count="17" type="stmt"/>
        <line num="92" count="17" type="cond" truecount="1" falsecount="1"/>
        <line num="93" count="0" type="stmt"/>
        <line num="94" count="0" type="stmt"/>
        <line num="97" count="17" type="stmt"/>
        <line num="98" count="17" type="cond" truecount="1" falsecount="1"/>
        <line num="99" count="0" type="stmt"/>
        <line num="100" count="0" type="stmt"/>
        <line num="101" count="0" type="stmt"/>
        <line num="104" count="17" type="stmt"/>
        <line num="108" count="17" type="stmt"/>
        <line num="109" count="17" type="stmt"/>
        <line num="110" count="17" type="stmt"/>
        <line num="111" count="17" type="stmt"/>
        <line num="112" count="17" type="stmt"/>
        <line num="113" count="17" type="stmt"/>
        <line num="114" count="17" type="stmt"/>
        <line num="115" count="17" type="stmt"/>
        <line num="116" count="17" type="stmt"/>
        <line num="117" count="17" type="stmt"/>
        <line num="118" count="17" type="stmt"/>
        <line num="120" count="17" type="stmt"/>
        <line num="125" count="0" type="stmt"/>
        <line num="126" count="0" type="stmt"/>
        <line num="127" count="0" type="stmt"/>
        <line num="128" count="0" type="stmt"/>
        <line num="133" count="0" type="cond" truecount="0" falsecount="2"/>
        <line num="134" count="0" type="stmt"/>
        <line num="135" count="0" type="stmt"/>
        <line num="139" count="1" type="stmt"/>
        <line num="143" count="0" type="stmt"/>
        <line num="147" count="0" type="stmt"/>
        <line num="151" count="0" type="stmt"/>
        <line num="152" count="0" type="stmt"/>
        <line num="153" count="0" type="stmt"/>
        <line num="154" count="0" type="stmt"/>
        <line num="158" count="0" type="stmt"/>
        <line num="159" count="0" type="stmt"/>
        <line num="163" count="0" type="stmt"/>
        <line num="164" count="0" type="stmt"/>
        <line num="165" count="0" type="stmt"/>
        <line num="166" count="0" type="stmt"/>
        <line num="167" count="0" type="stmt"/>
        <line num="168" count="0" type="stmt"/>
        <line num="169" count="0" type="stmt"/>
        <line num="172" count="96" type="cond" truecount="2" falsecount="0"/>
        <line num="173" count="19" type="stmt"/>
        <line num="176" count="4" type="stmt"/>
        <line num="186" count="77" type="cond" truecount="1" falsecount="1"/>
        <line num="187" count="0" type="stmt"/>
        <line num="196" count="77" type="cond" truecount="2" falsecount="0"/>
        <line num="197" count="34" type="stmt"/>
        <line num="207" count="43" type="stmt"/>
        <line num="252" count="258" type="stmt"/>
        <line num="255" count="15" type="stmt"/>
      </file>
    </package>
    <package name="coding.YAWT.src.components">
      <metrics statements="82" coveredstatements="35" conditionals="36" coveredconditionals="5" methods="27" coveredmethods="8"/>
      <file name="ConfirmDialog.jsx" path="/Users/ethan/Documents/coding/YAWT/src/components/ConfirmDialog.jsx">
        <metrics statements="3" coveredstatements="1" conditionals="5" coveredconditionals="0" methods="2" coveredmethods="0"/>
        <line num="8" count="0" type="stmt"/>
        <line num="9" count="0" type="cond" truecount="0" falsecount="2"/>
        <line num="12" count="4" type="stmt"/>
      </file>
      <file name="ExerciseSelector.jsx" path="/Users/ethan/Documents/coding/YAWT/src/components/ExerciseSelector.jsx">
        <metrics statements="6" coveredstatements="6" conditionals="3" coveredconditionals="3" methods="4" coveredmethods="4"/>
        <line num="4" count="210" type="cond" truecount="2" falsecount="0"/>
        <line num="5" count="37" type="stmt"/>
        <line num="6" count="37" type="stmt"/>
        <line num="8" count="4" type="stmt"/>
        <line num="10" count="148" type="stmt"/>
        <line num="12" count="229" type="stmt"/>
      </file>
      <file name="Fireworks.jsx" path="/Users/ethan/Documents/coding/YAWT/src/components/Fireworks.jsx">
        <metrics statements="7" coveredstatements="3" conditionals="1" coveredconditionals="0" methods="4" coveredmethods="0"/>
        <line num="1" count="4" type="stmt"/>
        <line num="3" count="4" type="stmt"/>
        <line num="19" count="0" type="stmt"/>
        <line num="20" count="0" type="stmt"/>
        <line num="21" count="0" type="stmt"/>
        <line num="24" count="0" type="stmt"/>
        <line num="34" count="4" type="stmt"/>
      </file>
      <file name="SwipeableRow.jsx" path="/Users/ethan/Documents/coding/YAWT/src/components/SwipeableRow.jsx">
        <metrics statements="60" coveredstatements="23" conditionals="27" coveredconditionals="2" methods="14" coveredmethods="4"/>
        <line num="1" count="4" type="stmt"/>
        <line num="4" count="137" type="stmt"/>
        <line num="5" count="137" type="stmt"/>
        <line num="6" count="137" type="stmt"/>
        <line num="10" count="137" type="stmt"/>
        <line num="12" count="0" type="stmt"/>
        <line num="13" count="0" type="stmt"/>
        <line num="16" count="137" type="stmt"/>
        <line num="17" count="137" type="stmt"/>
        <line num="18" count="137" type="stmt"/>
        <line num="19" count="137" type="stmt"/>
        <line num="21" count="137" type="stmt"/>
        <line num="22" count="137" type="stmt"/>
        <line num="24" count="137" type="stmt"/>
        <line num="25" count="89" type="stmt"/>
        <line num="26" count="89" type="cond" truecount="1" falsecount="1"/>
        <line num="29" count="0" type="stmt"/>
        <line num="30" count="0" type="stmt"/>
        <line num="31" count="0" type="stmt"/>
        <line num="32" count="0" type="stmt"/>
        <line num="33" count="0" type="stmt"/>
        <line num="34" count="0" type="stmt"/>
        <line num="38" count="0" type="cond" truecount="0" falsecount="2"/>
        <line num="39" count="0" type="stmt"/>
        <line num="40" count="0" type="stmt"/>
        <line num="41" count="0" type="stmt"/>
        <line num="43" count="0" type="cond" truecount="0" falsecount="5"/>
        <line num="44" count="0" type="cond" truecount="0" falsecount="2"/>
        <line num="47" count="0" type="cond" truecount="0" falsecount="2"/>
        <line num="49" count="0" type="stmt"/>
        <line num="51" count="0" type="stmt"/>
        <line num="52" count="0" type="stmt"/>
        <line num="53" count="0" type="stmt"/>
        <line num="57" count="0" type="cond" truecount="0" falsecount="2"/>
        <line num="58" count="0" type="stmt"/>
        <line num="60" count="0" type="cond" truecount="0" falsecount="2"/>
        <line num="61" count="0" type="stmt"/>
        <line num="62" count="0" type="stmt"/>
        <line num="64" count="0" type="cond" truecount="0" falsecount="2"/>
        <line num="65" count="0" type="stmt"/>
        <line num="66" count="0" type="cond" truecount="0" falsecount="2"/>
        <line num="67" count="0" type="stmt"/>
        <line num="69" count="0" type="stmt"/>
        <line num="70" count="0" type="stmt"/>
        <line num="71" count="0" type="stmt"/>
        <line num="76" count="89" type="stmt"/>
        <line num="77" count="89" type="stmt"/>
        <line num="78" count="89" type="stmt"/>
        <line num="80" count="89" type="stmt"/>
        <line num="81" count="89" type="stmt"/>
        <line num="82" count="89" type="stmt"/>
        <line num="83" count="89" type="stmt"/>
        <line num="88" count="0" type="cond" truecount="0" falsecount="2"/>
        <line num="89" count="0" type="stmt"/>
        <line num="90" count="0" type="stmt"/>
        <line num="91" count="0" type="stmt"/>
        <line num="92" count="0" type="stmt"/>
        <line num="96" count="137" type="stmt"/>
        <line num="99" count="4" type="stmt"/>
        <line num="108" count="0" type="cond" truecount="0" falsecount="2"/>
      </file>
      <file name="Toast.jsx" path="/Users/ethan/Documents/coding/YAWT/src/components/Toast.jsx">
        <metrics statements="6" coveredstatements="2" conditionals="0" coveredconditionals="0" methods="3" coveredmethods="0"/>
        <line num="1" count="4" type="stmt"/>
        <line num="4" count="0" type="stmt"/>
        <line num="5" count="0" type="stmt"/>
        <line num="6" count="0" type="stmt"/>
        <line num="9" count="0" type="stmt"/>
        <line num="10" count="4" type="stmt"/>
      </file>
    </package>
    <package name="coding.YAWT.src.data">
      <metrics statements="241" coveredstatements="112" conditionals="218" coveredconditionals="79" methods="79" coveredmethods="43"/>
      <file name="auth.js" path="/Users/ethan/Documents/coding/YAWT/src/data/auth.js">
        <metrics statements="38" coveredstatements="18" conditionals="10" coveredconditionals="5" methods="10" coveredmethods="5"/>
        <line num="5" count="4" type="stmt"/>
        <line num="6" count="4" type="stmt"/>
        <line num="7" count="4" type="stmt"/>
        <line num="9" count="4" type="stmt"/>
        <line num="10" count="4" type="stmt"/>
        <line num="11" count="4" type="stmt"/>
        <line num="12" count="4" type="stmt"/>
        <line num="15" count="18" type="stmt"/>
        <line num="19" count="0" type="cond" truecount="0" falsecount="2"/>
        <line num="20" count="0" type="stmt"/>
        <line num="21" count="0" type="stmt"/>
        <line num="22" count="0" type="stmt"/>
        <line num="23" count="0" type="stmt"/>
        <line num="26" count="0" type="stmt"/>
        <line num="27" count="0" type="cond" truecount="0" falsecount="2"/>
        <line num="29" count="0" type="stmt"/>
        <line num="31" count="0" type="stmt"/>
        <line num="32" count="0" type="stmt"/>
        <line num="38" count="0" type="stmt"/>
        <line num="43" count="0" type="stmt"/>
        <line num="45" count="0" type="stmt"/>
        <line num="46" count="0" type="stmt"/>
        <line num="47" count="0" type="stmt"/>
        <line num="48" count="0" type="stmt"/>
        <line num="49" count="0" type="stmt"/>
        <line num="51" count="53" type="stmt"/>
        <line num="52" count="0" type="stmt"/>
        <line num="53" count="34" type="stmt"/>
        <line num="57" count="18" type="stmt"/>
        <line num="58" count="18" type="stmt"/>
        <line num="59" count="18" type="cond" truecount="4" falsecount="0"/>
        <line num="60" count="17" type="stmt"/>
        <line num="61" count="17" type="stmt"/>
        <line num="62" count="17" type="cond" truecount="1" falsecount="1"/>
        <line num="63" count="18" type="stmt"/>
        <line num="64" count="0" type="stmt"/>
        <line num="69" count="1" type="stmt"/>
        <line num="76" count="0" type="stmt"/>
      </file>
      <file name="exercises.js" path="/Users/ethan/Documents/coding/YAWT/src/data/exercises.js">
        <metrics statements="2" coveredstatements="2" conditionals="0" coveredconditionals="0" methods="0" coveredmethods="0"/>
        <line num="1" count="4" type="stmt"/>
        <line num="6" count="4" type="stmt"/>
      </file>
      <file name="grouping.js" path="/Users/ethan/Documents/coding/YAWT/src/data/grouping.js">
        <metrics statements="11" coveredstatements="11" conditionals="6" coveredconditionals="3" methods="6" coveredmethods="6"/>
        <line num="1" count="4" type="stmt"/>
        <line num="3" count="4" type="stmt"/>
        <line num="13" count="350" type="stmt"/>
        <line num="14" count="50" type="stmt"/>
        <line num="15" count="313" type="cond" truecount="1" falsecount="1"/>
        <line num="16" count="313" type="cond" truecount="1" falsecount="1"/>
        <line num="17" count="600" type="stmt"/>
        <line num="18" count="313" type="cond" truecount="1" falsecount="1"/>
        <line num="20" count="50" type="stmt"/>
        <line num="21" count="350" type="stmt"/>
        <line num="22" count="200" type="stmt"/>
      </file>
      <file name="logUtils.js" path="/Users/ethan/Documents/coding/YAWT/src/data/logUtils.js">
        <metrics statements="18" coveredstatements="16" conditionals="33" coveredconditionals="23" methods="11" coveredmethods="10"/>
        <line num="2" count="31" type="cond" truecount="2" falsecount="0"/>
        <line num="3" count="187" type="cond" truecount="4" falsecount="0"/>
        <line num="4" count="3" type="cond" truecount="1" falsecount="1"/>
        <line num="8" count="35" type="cond" truecount="2" falsecount="0"/>
        <line num="9" count="211" type="cond" truecount="2" falsecount="0"/>
        <line num="10" count="6" type="stmt"/>
        <line num="14" count="13" type="stmt"/>
        <line num="15" count="79" type="cond" truecount="4" falsecount="0"/>
        <line num="20" count="13" type="cond" truecount="2" falsecount="0"/>
        <line num="21" count="4" type="cond" truecount="0" falsecount="2"/>
        <line num="25" count="1" type="cond" truecount="1" falsecount="1"/>
        <line num="26" count="1" type="stmt"/>
        <line num="27" count="1" type="cond" truecount="1" falsecount="1"/>
        <line num="28" count="0" type="stmt"/>
        <line num="32" count="1" type="cond" truecount="3" falsecount="1"/>
        <line num="33" count="1" type="stmt"/>
        <line num="34" count="1" type="cond" truecount="1" falsecount="1"/>
        <line num="35" count="0" type="cond" truecount="0" falsecount="3"/>
      </file>
      <file name="sheetsApi.js" path="/Users/ethan/Documents/coding/YAWT/src/data/sheetsApi.js">
        <metrics statements="128" coveredstatements="34" conditionals="131" coveredconditionals="26" methods="44" coveredmethods="16"/>
        <line num="3" count="4" type="stmt"/>
        <line num="4" count="17" type="stmt"/>
        <line num="6" count="53" type="stmt"/>
        <line num="10" count="4" type="stmt"/>
        <line num="13" count="53" type="stmt"/>
        <line num="17" count="52" type="stmt"/>
        <line num="18" count="52" type="cond" truecount="1" falsecount="1"/>
        <line num="19" count="52" type="stmt"/>
        <line num="23" count="1" type="stmt"/>
        <line num="28" count="1" type="cond" truecount="1" falsecount="1"/>
        <line num="29" count="1" type="stmt"/>
        <line num="33" count="0" type="stmt"/>
        <line num="38" count="0" type="cond" truecount="0" falsecount="2"/>
        <line num="39" count="0" type="stmt"/>
        <line num="46" count="109" type="stmt"/>
        <line num="61" count="1" type="cond" truecount="1" falsecount="2"/>
        <line num="62" count="1" type="stmt"/>
        <line num="76" count="18" type="stmt"/>
        <line num="77" count="18" type="cond" truecount="1" falsecount="1"/>
        <line num="79" count="109" type="stmt"/>
        <line num="83" count="1" type="cond" truecount="1" falsecount="1"/>
        <line num="86" count="1" type="stmt"/>
        <line num="87" count="1" type="stmt"/>
        <line num="91" count="1" type="stmt"/>
        <line num="95" count="0" type="stmt"/>
        <line num="96" count="0" type="cond" truecount="0" falsecount="2"/>
        <line num="98" count="0" type="cond" truecount="0" falsecount="2"/>
        <line num="99" count="0" type="cond" truecount="0" falsecount="2"/>
        <line num="101" count="0" type="stmt"/>
        <line num="119" count="119" type="stmt"/>
        <line num="120" count="119" type="cond" truecount="1" falsecount="1"/>
        <line num="121" count="119" type="cond" truecount="2" falsecount="2"/>
        <line num="125" count="0" type="cond" truecount="0" falsecount="4"/>
        <line num="129" count="17" type="stmt"/>
        <line num="130" count="17" type="cond" truecount="1" falsecount="1"/>
        <line num="131" count="119" type="stmt"/>
        <line num="135" count="0" type="cond" truecount="0" falsecount="2"/>
        <line num="138" count="0" type="stmt"/>
        <line num="139" count="0" type="stmt"/>
        <line num="143" count="0" type="stmt"/>
        <line num="147" count="0" type="stmt"/>
        <line num="148" count="0" type="cond" truecount="0" falsecount="2"/>
        <line num="149" count="0" type="cond" truecount="0" falsecount="2"/>
        <line num="150" count="0" type="cond" truecount="0" falsecount="2"/>
        <line num="152" count="0" type="stmt"/>
        <line num="154" count="0" type="stmt"/>
        <line num="155" count="0" type="stmt"/>
        <line num="162" count="0" type="stmt"/>
        <line num="169" count="51" type="stmt"/>
        <line num="170" count="51" type="cond" truecount="1" falsecount="1"/>
        <line num="171" count="51" type="cond" truecount="2" falsecount="2"/>
        <line num="175" count="0" type="cond" truecount="0" falsecount="2"/>
        <line num="179" count="17" type="stmt"/>
        <line num="180" count="17" type="stmt"/>
        <line num="181" count="17" type="cond" truecount="1" falsecount="1"/>
        <line num="182" count="51" type="stmt"/>
        <line num="184" count="0" type="stmt"/>
        <line num="189" count="0" type="cond" truecount="0" falsecount="2"/>
        <line num="192" count="0" type="stmt"/>
        <line num="193" count="0" type="stmt"/>
        <line num="197" count="0" type="stmt"/>
        <line num="201" count="0" type="stmt"/>
        <line num="202" count="0" type="cond" truecount="0" falsecount="2"/>
        <line num="203" count="0" type="cond" truecount="0" falsecount="2"/>
        <line num="204" count="0" type="cond" truecount="0" falsecount="2"/>
        <line num="206" count="0" type="stmt"/>
        <line num="207" count="0" type="stmt"/>
        <line num="208" count="0" type="stmt"/>
        <line num="215" count="0" type="stmt"/>
        <line num="216" count="0" type="cond" truecount="0" falsecount="2"/>
        <line num="217" count="0" type="cond" truecount="0" falsecount="2"/>
        <line num="221" count="0" type="stmt"/>
        <line num="222" count="0" type="cond" truecount="0" falsecount="2"/>
        <line num="223" count="0" type="cond" truecount="0" falsecount="2"/>
        <line num="224" count="0" type="cond" truecount="0" falsecount="2"/>
        <line num="226" count="0" type="stmt"/>
        <line num="227" count="0" type="cond" truecount="0" falsecount="2"/>
        <line num="229" count="0" type="stmt"/>
        <line num="241" count="0" type="stmt"/>
        <line num="244" count="0" type="stmt"/>
        <line num="249" count="0" type="cond" truecount="0" falsecount="2"/>
        <line num="250" count="0" type="stmt"/>
        <line num="251" count="0" type="stmt"/>
        <line num="252" count="0" type="stmt"/>
        <line num="255" count="0" type="stmt"/>
        <line num="268" count="0" type="stmt"/>
        <line num="273" count="0" type="stmt"/>
        <line num="278" count="0" type="stmt"/>
        <line num="284" count="0" type="stmt"/>
        <line num="288" count="0" type="stmt"/>
        <line num="289" count="0" type="stmt"/>
        <line num="293" count="0" type="stmt"/>
        <line num="295" count="0" type="stmt"/>
        <line num="302" count="0" type="stmt"/>
        <line num="303" count="0" type="cond" truecount="0" falsecount="2"/>
        <line num="304" count="0" type="stmt"/>
        <line num="305" count="0" type="cond" truecount="0" falsecount="2"/>
        <line num="307" count="0" type="stmt"/>
        <line num="308" count="0" type="stmt"/>
        <line num="314" count="0" type="stmt"/>
        <line num="315" count="0" type="stmt"/>
        <line num="316" count="0" type="stmt"/>
        <line num="322" count="0" type="cond" truecount="0" falsecount="2"/>
        <line num="328" count="0" type="stmt"/>
        <line num="332" count="0" type="cond" truecount="0" falsecount="2"/>
        <line num="333" count="0" type="stmt"/>
        <line num="338" count="0" type="stmt"/>
        <line num="339" count="0" type="cond" truecount="0" falsecount="2"/>
        <line num="340" count="0" type="cond" truecount="0" falsecount="2"/>
        <line num="343" count="0" type="stmt"/>
        <line num="344" count="0" type="cond" truecount="0" falsecount="2"/>
        <line num="345" count="0" type="stmt"/>
        <line num="346" count="0" type="stmt"/>
        <line num="348" count="0" type="stmt"/>
        <line num="349" count="0" type="cond" truecount="0" falsecount="2"/>
        <line num="350" count="0" type="stmt"/>
        <line num="354" count="0" type="stmt"/>
        <line num="355" count="0" type="cond" truecount="0" falsecount="2"/>
        <line num="358" count="0" type="stmt"/>
        <line num="360" count="0" type="stmt"/>
        <line num="363" count="0" type="stmt"/>
        <line num="376" count="0" type="stmt"/>
        <line num="377" count="0" type="stmt"/>
        <line num="378" count="0" type="cond" truecount="0" falsecount="2"/>
        <line num="379" count="0" type="stmt"/>
        <line num="385" count="0" type="stmt"/>
        <line num="386" count="0" type="stmt"/>
        <line num="387" count="0" type="stmt"/>
      </file>
      <file name="statsUtils.js" path="/Users/ethan/Documents/coding/YAWT/src/data/statsUtils.js">
        <metrics statements="44" coveredstatements="31" conditionals="38" coveredconditionals="22" methods="8" coveredmethods="6"/>
        <line num="2" count="14" type="stmt"/>
        <line num="3" count="14" type="stmt"/>
        <line num="4" count="14" type="cond" truecount="2" falsecount="0"/>
        <line num="5" count="12" type="stmt"/>
        <line num="6" count="12" type="stmt"/>
        <line num="7" count="12" type="stmt"/>
        <line num="8" count="12" type="stmt"/>
        <line num="9" count="12" type="stmt"/>
        <line num="10" count="12" type="stmt"/>
        <line num="12" count="2" type="cond" truecount="1" falsecount="1"/>
        <line num="16" count="2" type="cond" truecount="1" falsecount="1"/>
        <line num="20" count="2" type="stmt"/>
        <line num="27" count="6" type="stmt"/>
        <line num="28" count="6" type="stmt"/>
        <line num="29" count="36" type="cond" truecount="4" falsecount="0"/>
        <line num="30" count="12" type="cond" truecount="3" falsecount="1"/>
        <line num="31" count="36" type="cond" truecount="3" falsecount="1"/>
        <line num="32" count="12" type="stmt"/>
        <line num="35" count="6" type="stmt"/>
        <line num="36" count="6" type="stmt"/>
        <line num="37" count="12" type="stmt"/>
        <line num="46" count="42" type="stmt"/>
        <line num="47" count="6" type="stmt"/>
        <line num="48" count="6" type="stmt"/>
        <line num="49" count="36" type="cond" truecount="2" falsecount="0"/>
        <line num="50" count="24" type="stmt"/>
        <line num="51" count="24" type="cond" truecount="1" falsecount="1"/>
        <line num="52" count="24" type="stmt"/>
        <line num="53" count="78" type="cond" truecount="1" falsecount="1"/>
        <line num="54" count="78" type="cond" truecount="4" falsecount="0"/>
        <line num="57" count="6" type="stmt"/>
        <line num="61" count="0" type="stmt"/>
        <line num="62" count="0" type="stmt"/>
        <line num="63" count="0" type="stmt"/>
        <line num="64" count="0" type="stmt"/>
        <line num="65" count="0" type="stmt"/>
        <line num="66" count="0" type="stmt"/>
        <line num="67" count="0" type="cond" truecount="0" falsecount="4"/>
        <line num="68" count="0" type="cond" truecount="0" falsecount="2"/>
        <line num="69" count="0" type="stmt"/>
        <line num="70" count="0" type="cond" truecount="0" falsecount="2"/>
        <line num="71" count="0" type="stmt"/>
        <line num="72" count="0" type="cond" truecount="0" falsecount="2"/>
        <line num="75" count="0" type="stmt"/>
      </file>
    </package>
    <package name="coding.YAWT.src.views">
      <metrics statements="389" coveredstatements="192" conditionals="246" coveredconditionals="130" methods="151" coveredmethods="64"/>
      <file name="BodyDiagram.jsx" path="/Users/ethan/Documents/coding/YAWT/src/views/BodyDiagram.jsx">
        <metrics statements="30" coveredstatements="28" conditionals="10" coveredconditionals="7" methods="4" coveredmethods="2"/>
        <line num="3" count="4" type="stmt"/>
        <line num="6" count="4" type="stmt"/>
        <line num="22" count="4" type="stmt"/>
        <line num="26" count="4" type="stmt"/>
        <line num="27" count="4" type="stmt"/>
        <line num="28" count="52" type="stmt"/>
        <line num="29" count="52" type="stmt"/>
        <line num="31" count="260" type="stmt"/>
        <line num="32" count="260" type="stmt"/>
        <line num="33" count="260" type="stmt"/>
        <line num="34" count="260" type="stmt"/>
        <line num="35" count="260" type="stmt"/>
        <line num="36" count="260" type="stmt"/>
        <line num="41" count="7" type="stmt"/>
        <line num="43" count="7" type="stmt"/>
        <line num="44" count="91" type="stmt"/>
        <line num="45" count="91" type="stmt"/>
        <line num="46" count="91" type="cond" truecount="2" falsecount="0"/>
        <line num="47" count="91" type="cond" truecount="2" falsecount="0"/>
        <line num="49" count="56" type="stmt"/>
        <line num="50" count="56" type="stmt"/>
        <line num="51" count="56" type="stmt"/>
        <line num="53" count="56" type="stmt"/>
        <line num="60" count="7" type="stmt"/>
        <line num="64" count="7" type="stmt"/>
        <line num="65" count="7" type="stmt"/>
        <line num="67" count="7" type="stmt"/>
        <line num="70" count="4" type="stmt"/>
        <line num="72" count="0" type="stmt"/>
        <line num="78" count="0" type="stmt"/>
      </file>
      <file name="ExerciseEditSheet.jsx" path="/Users/ethan/Documents/coding/YAWT/src/views/ExerciseEditSheet.jsx">
        <metrics statements="28" coveredstatements="9" conditionals="17" coveredconditionals="4" methods="11" coveredmethods="3"/>
        <line num="1" count="4" type="stmt"/>
        <line num="5" count="4" type="stmt"/>
        <line num="12" count="13" type="stmt"/>
        <line num="16" count="1" type="stmt"/>
        <line num="17" count="1" type="stmt"/>
        <line num="18" count="1" type="stmt"/>
        <line num="21" count="0" type="stmt"/>
        <line num="22" count="0" type="cond" truecount="0" falsecount="2"/>
        <line num="23" count="0" type="stmt"/>
        <line num="24" count="0" type="stmt"/>
        <line num="29" count="0" type="stmt"/>
        <line num="30" count="0" type="cond" truecount="0" falsecount="2"/>
        <line num="31" count="0" type="cond" truecount="0" falsecount="2"/>
        <line num="32" count="0" type="cond" truecount="0" falsecount="2"/>
        <line num="33" count="0" type="stmt"/>
        <line num="34" count="0" type="stmt"/>
        <line num="36" count="0" type="stmt"/>
        <line num="37" count="0" type="cond" truecount="0" falsecount="2"/>
        <line num="38" count="0" type="stmt"/>
        <line num="40" count="0" type="stmt"/>
        <line num="41" count="0" type="stmt"/>
        <line num="44" count="1" type="stmt"/>
        <line num="45" count="0" type="cond" truecount="0" falsecount="2"/>
        <line num="48" count="4" type="stmt"/>
        <line num="58" count="0" type="stmt"/>
        <line num="68" count="13" type="stmt"/>
        <line num="71" count="0" type="stmt"/>
        <line num="73" count="0" type="stmt"/>
      </file>
      <file name="ExercisesView.jsx" path="/Users/ethan/Documents/coding/YAWT/src/views/ExercisesView.jsx">
        <metrics statements="36" coveredstatements="17" conditionals="12" coveredconditionals="9" methods="18" coveredmethods="10"/>
        <line num="1" count="4" type="stmt"/>
        <line num="8" count="4" type="stmt"/>
        <line num="15" count="7" type="stmt"/>
        <line num="16" count="7" type="stmt"/>
        <line num="17" count="7" type="stmt"/>
        <line num="18" count="7" type="stmt"/>
        <line num="21" count="0" type="stmt"/>
        <line num="22" count="0" type="cond" truecount="0" falsecount="2"/>
        <line num="23" count="0" type="stmt"/>
        <line num="24" count="0" type="stmt"/>
        <line num="25" count="0" type="stmt"/>
        <line num="26" count="0" type="stmt"/>
        <line num="27" count="0" type="stmt"/>
        <line num="28" count="0" type="stmt"/>
        <line num="32" count="0" type="stmt"/>
        <line num="36" count="0" type="stmt"/>
        <line num="37" count="0" type="stmt"/>
        <line num="38" count="0" type="stmt"/>
        <line num="39" count="0" type="stmt"/>
        <line num="43" count="0" type="stmt"/>
        <line num="44" count="0" type="stmt"/>
        <line num="48" count="42" type="stmt"/>
        <line num="49" count="119" type="stmt"/>
        <line num="50" count="84" type="stmt"/>
        <line num="51" count="119" type="stmt"/>
        <line num="55" count="49" type="stmt"/>
        <line num="57" count="7" type="stmt"/>
        <line num="60" count="4" type="stmt"/>
        <line num="61" count="1" type="stmt"/>
        <line num="72" count="0" type="stmt"/>
        <line num="80" count="28" type="stmt"/>
        <line num="84" count="42" type="stmt"/>
        <line num="85" count="1" type="stmt"/>
        <line num="102" count="0" type="stmt"/>
        <line num="103" count="0" type="stmt"/>
        <line num="105" count="0" type="stmt"/>
      </file>
      <file name="HistoryView.jsx" path="/Users/ethan/Documents/coding/YAWT/src/views/HistoryView.jsx">
        <metrics statements="29" coveredstatements="18" conditionals="25" coveredconditionals="18" methods="14" coveredmethods="8"/>
        <line num="1" count="4" type="stmt"/>
        <line num="8" count="4" type="cond" truecount="1" falsecount="1"/>
        <line num="9" count="4" type="cond" truecount="3" falsecount="1"/>
        <line num="10" count="4" type="stmt"/>
        <line num="14" count="1" type="stmt"/>
        <line num="15" count="1" type="stmt"/>
        <line num="17" count="1" type="cond" truecount="1" falsecount="1"/>
        <line num="18" count="4" type="stmt"/>
        <line num="21" count="6" type="cond" truecount="1" falsecount="1"/>
        <line num="23" count="1" type="stmt"/>
        <line num="24" count="4" type="cond" truecount="2" falsecount="0"/>
        <line num="25" count="4" type="stmt"/>
        <line num="26" count="4" type="stmt"/>
        <line num="29" count="1" type="stmt"/>
        <line num="32" count="0" type="stmt"/>
        <line num="36" count="0" type="stmt"/>
        <line num="37" count="0" type="stmt"/>
        <line num="38" count="0" type="stmt"/>
        <line num="39" count="0" type="stmt"/>
        <line num="40" count="0" type="stmt"/>
        <line num="42" count="0" type="stmt"/>
        <line num="47" count="0" type="stmt"/>
        <line num="48" count="0" type="stmt"/>
        <line num="51" count="1" type="stmt"/>
        <line num="56" count="2" type="stmt"/>
        <line num="59" count="0" type="stmt"/>
        <line num="71" count="2" type="stmt"/>
        <line num="78" count="4" type="stmt"/>
        <line num="94" count="0" type="cond" truecount="1" falsecount="1"/>
      </file>
      <file name="LogView.jsx" path="/Users/ethan/Documents/coding/YAWT/src/views/LogView.jsx">
        <metrics statements="65" coveredstatements="41" conditionals="69" coveredconditionals="47" methods="32" coveredmethods="17"/>
        <line num="1" count="4" type="stmt"/>
        <line num="11" count="30" type="stmt"/>
        <line num="12" count="30" type="stmt"/>
        <line num="13" count="30" type="stmt"/>
        <line num="14" count="30" type="stmt"/>
        <line num="15" count="30" type="stmt"/>
        <line num="16" count="30" type="stmt"/>
        <line num="18" count="90" type="cond" truecount="2" falsecount="0"/>
        <line num="19" count="30" type="cond" truecount="1" falsecount="1"/>
        <line num="20" count="0" type="stmt"/>
        <line num="24" count="0" type="stmt"/>
        <line num="26" count="0" type="cond" truecount="0" falsecount="2"/>
        <line num="27" count="0" type="stmt"/>
        <line num="28" count="0" type="stmt"/>
        <line num="29" count="0" type="cond" truecount="0" falsecount="5"/>
        <line num="30" count="0" type="stmt"/>
        <line num="35" count="30" type="stmt"/>
        <line num="37" count="30" type="stmt"/>
        <line num="38" count="181" type="stmt"/>
        <line num="39" count="92" type="stmt"/>
        <line num="41" count="30" type="stmt"/>
        <line num="42" count="30" type="stmt"/>
        <line num="43" count="30" type="cond" truecount="2" falsecount="0"/>
        <line num="48" count="0" type="stmt"/>
        <line num="52" count="0" type="stmt"/>
        <line num="53" count="0" type="stmt"/>
        <line num="54" count="0" type="stmt"/>
        <line num="55" count="0" type="stmt"/>
        <line num="56" count="0" type="stmt"/>
        <line num="58" count="0" type="stmt"/>
        <line num="63" count="0" type="stmt"/>
        <line num="64" count="0" type="stmt"/>
        <line num="68" count="1" type="stmt"/>
        <line num="69" count="1" type="cond" truecount="3" falsecount="1"/>
        <line num="70" count="1" type="stmt"/>
        <line num="72" count="1" type="cond" truecount="1" falsecount="1"/>
        <line num="73" count="1" type="stmt"/>
        <line num="74" count="1" type="stmt"/>
        <line num="75" count="1" type="cond" truecount="1" falsecount="1"/>
        <line num="76" count="0" type="stmt"/>
        <line num="77" count="1" type="cond" truecount="1" falsecount="1"/>
        <line num="78" count="0" type="stmt"/>
        <line num="80" count="1" type="stmt"/>
        <line num="81" count="4" type="stmt"/>
        <line num="82" count="1" type="stmt"/>
        <line num="92" count="1" type="stmt"/>
        <line num="93" count="1" type="stmt"/>
        <line num="94" count="1" type="cond" truecount="1" falsecount="1"/>
        <line num="96" count="0" type="stmt"/>
        <line num="98" count="1" type="stmt"/>
        <line num="102" count="30" type="stmt"/>
        <line num="106" count="60" type="stmt"/>
        <line num="109" count="1" type="stmt"/>
        <line num="121" count="0" type="stmt"/>
        <line num="126" count="90" type="stmt"/>
        <line num="130" count="0" type="stmt"/>
        <line num="145" count="4" type="stmt"/>
        <line num="146" count="4" type="stmt"/>
        <line num="147" count="4" type="cond" truecount="2" falsecount="0"/>
        <line num="186" count="3" type="stmt"/>
        <line num="199" count="1" type="stmt"/>
        <line num="211" count="0" type="stmt"/>
        <line num="224" count="91" type="stmt"/>
        <line num="241" count="0" type="stmt"/>
        <line num="243" count="0" type="cond" truecount="1" falsecount="1"/>
      </file>
      <file name="PlanEditSheet.jsx" path="/Users/ethan/Documents/coding/YAWT/src/views/PlanEditSheet.jsx">
        <metrics statements="30" coveredstatements="2" conditionals="8" coveredconditionals="0" methods="13" coveredmethods="0"/>
        <line num="1" count="4" type="stmt"/>
        <line num="7" count="0" type="stmt"/>
        <line num="8" count="0" type="stmt"/>
        <line num="9" count="0" type="stmt"/>
        <line num="10" count="0" type="stmt"/>
        <line num="12" count="0" type="stmt"/>
        <line num="13" count="0" type="stmt"/>
        <line num="16" count="0" type="stmt"/>
        <line num="17" count="0" type="stmt"/>
        <line num="18" count="0" type="cond" truecount="0" falsecount="2"/>
        <line num="19" count="0" type="stmt"/>
        <line num="21" count="0" type="stmt"/>
        <line num="23" count="0" type="stmt"/>
        <line num="28" count="0" type="stmt"/>
        <line num="29" count="0" type="stmt"/>
        <line num="30" count="0" type="cond" truecount="0" falsecount="2"/>
        <line num="31" count="0" type="stmt"/>
        <line num="33" count="0" type="stmt"/>
        <line num="38" count="0" type="stmt"/>
        <line num="39" count="0" type="stmt"/>
        <line num="40" count="0" type="stmt"/>
        <line num="43" count="0" type="stmt"/>
        <line num="44" count="4" type="stmt"/>
        <line num="46" count="0" type="stmt"/>
        <line num="51" count="0" type="stmt"/>
        <line num="59" count="0" type="stmt"/>
        <line num="62" count="0" type="stmt"/>
        <line num="66" count="0" type="stmt"/>
        <line num="80" count="0" type="stmt"/>
        <line num="104" count="0" type="stmt"/>
      </file>
      <file name="PlansView.jsx" path="/Users/ethan/Documents/coding/YAWT/src/views/PlansView.jsx">
        <metrics statements="21" coveredstatements="8" conditionals="15" coveredconditionals="7" methods="8" coveredmethods="2"/>
        <line num="1" count="4" type="stmt"/>
        <line num="6" count="1" type="stmt"/>
        <line num="7" count="1" type="stmt"/>
        <line num="8" count="1" type="stmt"/>
        <line num="11" count="0" type="stmt"/>
        <line num="12" count="0" type="cond" truecount="0" falsecount="2"/>
        <line num="13" count="0" type="stmt"/>
        <line num="14" count="0" type="stmt"/>
        <line num="15" count="0" type="stmt"/>
        <line num="16" count="0" type="stmt"/>
        <line num="17" count="0" type="stmt"/>
        <line num="20" count="1" type="stmt"/>
        <line num="23" count="4" type="stmt"/>
        <line num="24" count="0" type="stmt"/>
        <line num="35" count="0" type="stmt"/>
        <line num="48" count="3" type="stmt"/>
        <line num="49" count="3" type="stmt"/>
        <line num="53" count="0" type="stmt"/>
        <line num="70" count="0" type="stmt"/>
        <line num="72" count="0" type="stmt"/>
        <line num="74" count="0" type="stmt"/>
      </file>
      <file name="SettingsView.jsx" path="/Users/ethan/Documents/coding/YAWT/src/views/SettingsView.jsx">
        <metrics statements="51" coveredstatements="11" conditionals="33" coveredconditionals="14" methods="15" coveredmethods="2"/>
        <line num="1" count="4" type="stmt"/>
        <line num="6" count="1" type="stmt"/>
        <line num="7" count="1" type="stmt"/>
        <line num="8" count="1" type="stmt"/>
        <line num="9" count="1" type="stmt"/>
        <line num="10" count="1" type="stmt"/>
        <line num="11" count="1" type="stmt"/>
        <line num="12" count="1" type="stmt"/>
        <line num="15" count="0" type="stmt"/>
        <line num="16" count="0" type="cond" truecount="0" falsecount="2"/>
        <line num="17" count="0" type="stmt"/>
        <line num="18" count="0" type="stmt"/>
        <line num="19" count="0" type="stmt"/>
        <line num="20" count="0" type="stmt"/>
        <line num="21" count="0" type="cond" truecount="0" falsecount="2"/>
        <line num="22" count="0" type="stmt"/>
        <line num="23" count="0" type="stmt"/>
        <line num="25" count="0" type="stmt"/>
        <line num="26" count="0" type="stmt"/>
        <line num="28" count="0" type="stmt"/>
        <line num="30" count="0" type="stmt"/>
        <line num="35" count="0" type="stmt"/>
        <line num="36" count="0" type="stmt"/>
        <line num="37" count="0" type="stmt"/>
        <line num="38" count="0" type="stmt"/>
        <line num="39" count="0" type="stmt"/>
        <line num="41" count="0" type="stmt"/>
        <line num="43" count="0" type="stmt"/>
        <line num="48" count="0" type="stmt"/>
        <line num="49" count="0" type="cond" truecount="0" falsecount="5"/>
        <line num="50" count="0" type="stmt"/>
        <line num="51" count="0" type="stmt"/>
        <line num="55" count="0" type="cond" truecount="0" falsecount="2"/>
        <line num="56" count="0" type="stmt"/>
        <line num="60" count="0" type="stmt"/>
        <line num="61" count="0" type="stmt"/>
        <line num="62" count="0" type="stmt"/>
        <line num="63" count="0" type="stmt"/>
        <line num="64" count="0" type="stmt"/>
        <line num="66" count="0" type="stmt"/>
        <line num="68" count="0" type="stmt"/>
        <line num="72" count="1" type="stmt"/>
        <line num="75" count="4" type="stmt"/>
        <line num="88" count="0" type="stmt"/>
        <line num="101" count="0" type="stmt"/>
        <line num="111" count="0" type="stmt"/>
        <line num="112" count="0" type="stmt"/>
        <line num="121" count="2" type="stmt"/>
        <line num="126" count="0" type="stmt"/>
        <line num="142" count="0" type="stmt"/>
        <line num="143" count="0" type="cond" truecount="0" falsecount="2"/>
      </file>
      <file name="SetupView.jsx" path="/Users/ethan/Documents/coding/YAWT/src/views/SetupView.jsx">
        <metrics statements="38" coveredstatements="2" conditionals="20" coveredconditionals="0" methods="14" coveredmethods="0"/>
        <line num="1" count="4" type="stmt"/>
        <line num="6" count="0" type="stmt"/>
        <line num="7" count="0" type="stmt"/>
        <line num="8" count="0" type="stmt"/>
        <line num="11" count="0" type="stmt"/>
        <line num="14" count="0" type="stmt"/>
        <line num="15" count="0" type="stmt"/>
        <line num="16" count="0" type="stmt"/>
        <line num="17" count="0" type="stmt"/>
        <line num="18" count="0" type="stmt"/>
        <line num="20" count="0" type="stmt"/>
        <line num="22" count="0" type="stmt"/>
        <line num="27" count="0" type="stmt"/>
        <line num="28" count="0" type="cond" truecount="0" falsecount="2"/>
        <line num="29" count="0" type="stmt"/>
        <line num="30" count="0" type="stmt"/>
        <line num="31" count="0" type="stmt"/>
        <line num="32" count="0" type="stmt"/>
        <line num="33" count="0" type="cond" truecount="0" falsecount="2"/>
        <line num="34" count="0" type="stmt"/>
        <line num="35" count="0" type="stmt"/>
        <line num="37" count="0" type="stmt"/>
        <line num="39" count="0" type="stmt"/>
        <line num="41" count="0" type="stmt"/>
        <line num="46" count="0" type="stmt"/>
        <line num="47" count="0" type="stmt"/>
        <line num="48" count="0" type="cond" truecount="0" falsecount="2"/>
        <line num="49" count="0" type="stmt"/>
        <line num="53" count="0" type="cond" truecount="0" falsecount="2"/>
        <line num="57" count="0" type="stmt"/>
        <line num="60" count="0" type="cond" truecount="0" falsecount="2"/>
        <line num="61" count="0" type="stmt"/>
        <line num="64" count="4" type="stmt"/>
        <line num="68" count="0" type="stmt"/>
        <line num="74" count="0" type="stmt"/>
        <line num="91" count="0" type="stmt"/>
        <line num="102" count="0" type="stmt"/>
        <line num="128" count="0" type="stmt"/>
      </file>
      <file name="StatsView.jsx" path="/Users/ethan/Documents/coding/YAWT/src/views/StatsView.jsx">
        <metrics statements="61" coveredstatements="56" conditionals="37" coveredconditionals="24" methods="22" coveredmethods="20"/>
        <line num="1" count="4" type="stmt"/>
        <line num="8" count="4" type="stmt"/>
        <line num="14" count="4" type="stmt"/>
        <line num="15" count="62" type="stmt"/>
        <line num="16" count="62" type="stmt"/>
        <line num="19" count="4" type="stmt"/>
        <line num="20" count="4" type="stmt"/>
        <line num="21" count="64" type="stmt"/>
        <line num="22" count="64" type="stmt"/>
        <line num="26" count="13" type="cond" truecount="2" falsecount="2"/>
        <line num="27" count="0" type="stmt"/>
        <line num="28" count="0" type="cond" truecount="0" falsecount="2"/>
        <line num="29" count="13" type="stmt"/>
        <line num="31" count="4" type="stmt"/>
        <line num="39" count="8" type="stmt"/>
        <line num="40" count="8" type="stmt"/>
        <line num="42" count="8" type="stmt"/>
        <line num="44" count="8" type="stmt"/>
        <line num="45" count="36" type="stmt"/>
        <line num="46" count="6" type="cond" truecount="1" falsecount="1"/>
        <line num="47" count="24" type="stmt"/>
        <line num="48" count="6" type="stmt"/>
        <line num="50" count="0" type="cond" truecount="0" falsecount="2"/>
        <line num="53" count="8" type="stmt"/>
        <line num="56" count="8" type="stmt"/>
        <line num="58" count="8" type="stmt"/>
        <line num="59" count="7" type="stmt"/>
        <line num="60" count="7" type="stmt"/>
        <line num="61" count="7" type="stmt"/>
        <line num="62" count="49" type="stmt"/>
        <line num="63" count="7" type="stmt"/>
        <line num="64" count="7" type="stmt"/>
        <line num="65" count="42" type="cond" truecount="3" falsecount="1"/>
        <line num="66" count="42" type="cond" truecount="2" falsecount="0"/>
        <line num="67" count="28" type="stmt"/>
        <line num="68" count="28" type="cond" truecount="1" falsecount="1"/>
        <line num="69" count="28" type="stmt"/>
        <line num="70" count="91" type="cond" truecount="2" falsecount="0"/>
        <line num="73" count="7" type="stmt"/>
        <line num="76" count="8" type="stmt"/>
        <line num="77" count="6" type="stmt"/>
        <line num="81" count="8" type="stmt"/>
        <line num="82" count="7" type="stmt"/>
        <line num="83" count="7" type="stmt"/>
        <line num="84" count="7" type="stmt"/>
        <line num="85" count="7" type="cond" truecount="1" falsecount="1"/>
        <line num="86" count="7" type="stmt"/>
        <line num="87" count="7" type="stmt"/>
        <line num="90" count="8" type="stmt"/>
        <line num="91" count="6" type="stmt"/>
        <line num="95" count="8" type="stmt"/>
        <line num="96" count="64" type="stmt"/>
        <line num="97" count="128" type="stmt"/>
        <line num="99" count="8" type="stmt"/>
        <line num="101" count="8" type="stmt"/>
        <line num="105" count="16" type="stmt"/>
        <line num="108" count="0" type="stmt"/>
        <line num="116" count="32" type="stmt"/>
        <line num="119" count="1" type="stmt"/>
        <line num="131" count="64" type="stmt"/>
        <line num="154" count="0" type="stmt"/>
      </file>
    </package>
  </project>
</coverage>
