{"/Users/ethan/Documents/coding/YAWT": {"path":"/Users/ethan/Documents/coding/YAWT","statementMap":{},"fnMap":{},"branchMap":{},"s":{},"f":{},"b":{},"meta":{"lastBranch":0,"lastFunction":0,"lastStatement":0,"seen":{}}}
,"/Users/ethan/Documents/coding/YAWT/e2e/helpers.js": {"path":"/Users/ethan/Documents/coding/YAWT/e2e/helpers.js","statementMap":{"0":{"start":{"line":6,"column":2},"end":{"line":20,"column":null}},"1":{"start":{"line":9,"column":44},"end":{"line":16,"column":9}},"2":{"start":{"line":11,"column":12},"end":{"line":14,"column":null}},"3":{"start":{"line":27,"column":14},"end":{"line":27,"column":29}},"4":{"start":{"line":28,"column":19},"end":{"line":32,"column":3}},"5":{"start":{"line":33,"column":2},"end":{"line":33,"column":null}},"6":{"start":{"line":34,"column":2},"end":{"line":34,"column":null}},"7":{"start":{"line":35,"column":2},"end":{"line":35,"column":null}},"8":{"start":{"line":42,"column":23},"end":{"line":42,"column":25}},"9":{"start":{"line":43,"column":2},"end":{"line":46,"column":null}},"10":{"start":{"line":43,"column":15},"end":{"line":43,"column":16}},"11":{"start":{"line":44,"column":16},"end":{"line":44,"column":35}},"12":{"start":{"line":45,"column":4},"end":{"line":45,"column":null}},"13":{"start":{"line":45,"column":40},"end":{"line":45,"column":null}},"14":{"start":{"line":47,"column":2},"end":{"line":47,"column":null}},"15":{"start":{"line":47,"column":28},"end":{"line":47,"column":54}}},"fnMap":{"0":{"name":"mockGoogleGIS","decl":{"start":{"line":5,"column":16},"end":{"line":5,"column":29}},"loc":{"start":{"line":5,"column":32},"end":{"line":21,"column":null}},"line":5},"1":{"name":"(anonymous_1)","decl":{"start":{"line":9,"column":25},"end":{"line":9,"column":26}},"loc":{"start":{"line":9,"column":44},"end":{"line":16,"column":9}},"line":9},"2":{"name":"(anonymous_2)","decl":{"start":{"line":10,"column":30},"end":{"line":10,"column":31}},"loc":{"start":{"line":10,"column":36},"end":{"line":15,"column":11}},"line":10},"3":{"name":"(anonymous_3)","decl":{"start":{"line":17,"column":16},"end":{"line":17,"column":17}},"loc":{"start":{"line":17,"column":22},"end":{"line":17,"column":24}},"line":17},"4":{"name":"seedLocalStorage","decl":{"start":{"line":26,"column":16},"end":{"line":26,"column":32}},"loc":{"start":{"line":26,"column":35},"end":{"line":36,"column":null}},"line":26},"5":{"name":"clearLocalStorage","decl":{"start":{"line":41,"column":16},"end":{"line":41,"column":33}},"loc":{"start":{"line":41,"column":36},"end":{"line":48,"column":null}},"line":41},"6":{"name":"(anonymous_6)","decl":{"start":{"line":47,"column":23},"end":{"line":47,"column":24}},"loc":{"start":{"line":47,"column":28},"end":{"line":47,"column":54}},"line":47}},"branchMap":{"0":{"loc":{"start":{"line":45,"column":4},"end":{"line":45,"column":null}},"type":"if","locations":[{"start":{"line":45,"column":4},"end":{"line":45,"column":null}},{"start":{},"end":{}}],"line":45},"1":{"loc":{"start":{"line":45,"column":8},"end":{"line":45,"column":38}},"type":"binary-expr","locations":[{"start":{"line":45,"column":8},"end":{"line":45,"column":11}},{"start":{"line":45,"column":15},"end":{"line":45,"column":38}}],"line":45}},"s":{"0":18,"1":18,"2":0,"3":18,"4":18,"5":18,"6":18,"7":18,"8":19,"9":19,"10":19,"11":146,"12":146,"13":51,"14":19,"15":51},"f":{"0":18,"1":18,"2":0,"3":0,"4":18,"5":19,"6":51},"b":{"0":[51,95],"1":[146,146]},"meta":{"lastBranch":2,"lastFunction":7,"lastStatement":16,"seen":{"f:5:16:5:29":0,"s:6:2:20:Infinity":0,"f:9:25:9:26":1,"s:9:44:16:9":1,"f:10:30:10:31":2,"s:11:12:14:Infinity":2,"f:17:16:17:17":3,"f:26:16:26:32":4,"s:27:14:27:29":3,"s:28:19:32:3":4,"s:33:2:33:Infinity":5,"s:34:2:34:Infinity":6,"s:35:2:35:Infinity":7,"f:41:16:41:33":5,"s:42:23:42:25":8,"s:43:2:46:Infinity":9,"s:43:15:43:16":10,"s:44:16:44:35":11,"b:45:4:45:Infinity:undefined:undefined:undefined:undefined":0,"s:45:4:45:Infinity":12,"b:45:8:45:11:45:15:45:38":1,"s:45:40:45:Infinity":13,"s:47:2:47:Infinity":14,"f:47:23:47:24":6,"s:47:28:47:54":15}}}
,"/Users/ethan/Documents/coding/YAWT/e2e/mocks/data.js": {"path":"/Users/ethan/Documents/coding/YAWT/e2e/mocks/data.js","statementMap":{"0":{"start":{"line":4,"column":35},"end":{"line":13,"column":1}},"1":{"start":{"line":15,"column":14},"end":{"line":15,"column":52}},"2":{"start":{"line":16,"column":18},"end":{"line":16,"column":77}},"3":{"start":{"line":18,"column":30},"end":{"line":26,"column":1}},"4":{"start":{"line":28,"column":31},"end":{"line":33,"column":1}}},"fnMap":{},"branchMap":{},"s":{"0":4,"1":4,"2":4,"3":4,"4":4},"f":{},"b":{},"meta":{"lastBranch":0,"lastFunction":0,"lastStatement":5,"seen":{"s:4:35:13:1":0,"s:15:14:15:52":1,"s:16:18:16:77":2,"s:18:30:26:1":3,"s:28:31:33:1":4}}}
,"/Users/ethan/Documents/coding/YAWT/e2e/mocks/handlers.js": {"path":"/Users/ethan/Documents/coding/YAWT/e2e/mocks/handlers.js","statementMap":{"0":{"start":{"line":8,"column":2},"end":{"line":8,"column":null}},"1":{"start":{"line":9,"column":2},"end":{"line":9,"column":null}},"2":{"start":{"line":10,"column":2},"end":{"line":10,"column":null}},"3":{"start":{"line":13,"column":0},"end":{"line":13,"column":null}},"4":{"start":{"line":15,"column":20},"end":{"line":15,"column":76}},"5":{"start":{"line":17,"column":24},"end":{"line":75,"column":1}},"6":{"start":{"line":20,"column":4},"end":{"line":20,"column":null}},"7":{"start":{"line":25,"column":4},"end":{"line":25,"column":null}},"8":{"start":{"line":30,"column":4},"end":{"line":30,"column":null}},"9":{"start":{"line":35,"column":17},"end":{"line":35,"column":37}},"10":{"start":{"line":36,"column":16},"end":{"line":36,"column":36}},"11":{"start":{"line":37,"column":17},"end":{"line":37,"column":29}},"12":{"start":{"line":39,"column":4},"end":{"line":45,"column":null}},"13":{"start":{"line":40,"column":6},"end":{"line":40,"column":null}},"14":{"start":{"line":41,"column":11},"end":{"line":45,"column":null}},"15":{"start":{"line":42,"column":6},"end":{"line":42,"column":null}},"16":{"start":{"line":43,"column":11},"end":{"line":45,"column":null}},"17":{"start":{"line":44,"column":6},"end":{"line":44,"column":null}},"18":{"start":{"line":47,"column":4},"end":{"line":50,"column":null}},"19":{"start":{"line":55,"column":4},"end":{"line":58,"column":null}},"20":{"start":{"line":63,"column":4},"end":{"line":63,"column":null}},"21":{"start":{"line":68,"column":4},"end":{"line":73,"column":null}}},"fnMap":{"0":{"name":"resetMockData","decl":{"start":{"line":7,"column":16},"end":{"line":7,"column":29}},"loc":{"start":{"line":7,"column":32},"end":{"line":11,"column":null}},"line":7},"1":{"name":"(anonymous_1)","decl":{"start":{"line":19,"column":45},"end":{"line":19,"column":46}},"loc":{"start":{"line":19,"column":51},"end":{"line":21,"column":3}},"line":19},"2":{"name":"(anonymous_2)","decl":{"start":{"line":24,"column":50},"end":{"line":24,"column":51}},"loc":{"start":{"line":24,"column":56},"end":{"line":26,"column":3}},"line":24},"3":{"name":"(anonymous_3)","decl":{"start":{"line":29,"column":46},"end":{"line":29,"column":47}},"loc":{"start":{"line":29,"column":52},"end":{"line":31,"column":3}},"line":29},"4":{"name":"(anonymous_4)","decl":{"start":{"line":34,"column":83},"end":{"line":34,"column":88}},"loc":{"start":{"line":34,"column":106},"end":{"line":51,"column":3}},"line":34},"5":{"name":"(anonymous_5)","decl":{"start":{"line":54,"column":73},"end":{"line":54,"column":78}},"loc":{"start":{"line":54,"column":85},"end":{"line":59,"column":3}},"line":54},"6":{"name":"(anonymous_6)","decl":{"start":{"line":62,"column":76},"end":{"line":62,"column":81}},"loc":{"start":{"line":62,"column":88},"end":{"line":64,"column":3}},"line":62},"7":{"name":"(anonymous_7)","decl":{"start":{"line":67,"column":54},"end":{"line":67,"column":55}},"loc":{"start":{"line":67,"column":60},"end":{"line":74,"column":3}},"line":67}},"branchMap":{"0":{"loc":{"start":{"line":39,"column":4},"end":{"line":45,"column":null}},"type":"if","locations":[{"start":{"line":39,"column":4},"end":{"line":45,"column":null}},{"start":{"line":41,"column":11},"end":{"line":45,"column":null}}],"line":39},"1":{"loc":{"start":{"line":40,"column":24},"end":{"line":40,"column":41}},"type":"binary-expr","locations":[{"start":{"line":40,"column":24},"end":{"line":40,"column":35}},{"start":{"line":40,"column":39},"end":{"line":40,"column":41}}],"line":40},"2":{"loc":{"start":{"line":41,"column":11},"end":{"line":45,"column":null}},"type":"if","locations":[{"start":{"line":41,"column":11},"end":{"line":45,"column":null}},{"start":{"line":43,"column":11},"end":{"line":45,"column":null}}],"line":41},"3":{"loc":{"start":{"line":42,"column":29},"end":{"line":42,"column":46}},"type":"binary-expr","locations":[{"start":{"line":42,"column":29},"end":{"line":42,"column":40}},{"start":{"line":42,"column":44},"end":{"line":42,"column":46}}],"line":42},"4":{"loc":{"start":{"line":43,"column":11},"end":{"line":45,"column":null}},"type":"if","locations":[{"start":{"line":43,"column":11},"end":{"line":45,"column":null}},{"start":{},"end":{}}],"line":43},"5":{"loc":{"start":{"line":44,"column":25},"end":{"line":44,"column":42}},"type":"binary-expr","locations":[{"start":{"line":44,"column":25},"end":{"line":44,"column":36}},{"start":{"line":44,"column":40},"end":{"line":44,"column":42}}],"line":44},"6":{"loc":{"start":{"line":49,"column":30},"end":{"line":49,"column":54}},"type":"binary-expr","locations":[{"start":{"line":49,"column":30},"end":{"line":49,"column":49}},{"start":{"line":49,"column":53},"end":{"line":49,"column":54}}],"line":49}},"s":{"0":22,"1":22,"2":22,"3":4,"4":4,"5":4,"6":18,"7":17,"8":17,"9":1,"10":1,"11":1,"12":1,"13":1,"14":0,"15":0,"16":0,"17":0,"18":1,"19":0,"20":0,"21":0},"f":{"0":22,"1":18,"2":17,"3":17,"4":1,"5":0,"6":0,"7":0},"b":{"0":[1,0],"1":[1,0],"2":[0,0],"3":[0,0],"4":[0,0],"5":[0,0],"6":[1,0]},"meta":{"lastBranch":7,"lastFunction":8,"lastStatement":22,"seen":{"f:7:16:7:29":0,"s:8:2:8:Infinity":0,"s:9:2:9:Infinity":1,"s:10:2:10:Infinity":2,"s:13:0:13:Infinity":3,"s:15:20:15:76":4,"s:17:24:75:1":5,"f:19:45:19:46":1,"s:20:4:20:Infinity":6,"f:24:50:24:51":2,"s:25:4:25:Infinity":7,"f:29:46:29:47":3,"s:30:4:30:Infinity":8,"f:34:83:34:88":4,"s:35:17:35:37":9,"s:36:16:36:36":10,"s:37:17:37:29":11,"b:39:4:45:Infinity:41:11:45:Infinity":0,"s:39:4:45:Infinity":12,"s:40:6:40:Infinity":13,"b:40:24:40:35:40:39:40:41":1,"b:41:11:45:Infinity:43:11:45:Infinity":2,"s:41:11:45:Infinity":14,"s:42:6:42:Infinity":15,"b:42:29:42:40:42:44:42:46":3,"b:43:11:45:Infinity:undefined:undefined:undefined:undefined":4,"s:43:11:45:Infinity":16,"s:44:6:44:Infinity":17,"b:44:25:44:36:44:40:44:42":5,"s:47:4:50:Infinity":18,"b:49:30:49:49:49:53:49:54":6,"f:54:73:54:78":5,"s:55:4:58:Infinity":19,"f:62:76:62:81":6,"s:63:4:63:Infinity":20,"f:67:54:67:55":7,"s:68:4:73:Infinity":21}}}
,"/Users/ethan/Documents/coding/YAWT/src/App.css": {"path":"/Users/ethan/Documents/coding/YAWT/src/App.css","statementMap":{},"fnMap":{},"branchMap":{},"s":{},"f":{},"b":{},"meta":{"lastBranch":0,"lastFunction":0,"lastStatement":0,"seen":{}}}
,"/Users/ethan/Documents/coding/YAWT/src/App.jsx": {"path":"/Users/ethan/Documents/coding/YAWT/src/App.jsx","statementMap":{"0":{"start":{"line":176,"column":10},"end":{"line":176,"column":11}},"1":{"start":{"line":1,"column":44},"end":{"line":1,"column":null}},"2":{"start":{"line":14,"column":13},"end":{"line":14,"column":null}},"3":{"start":{"line":17,"column":2},"end":{"line":17,"column":null}},"4":{"start":{"line":21,"column":36},"end":{"line":21,"column":null}},"5":{"start":{"line":22,"column":34},"end":{"line":22,"column":null}},"6":{"start":{"line":23,"column":32},"end":{"line":23,"column":null}},"7":{"start":{"line":24,"column":24},"end":{"line":24,"column":null}},"8":{"start":{"line":25,"column":26},"end":{"line":25,"column":null}},"9":{"start":{"line":26,"column":36},"end":{"line":26,"column":null}},"10":{"start":{"line":27,"column":28},"end":{"line":27,"column":null}},"11":{"start":{"line":28,"column":38},"end":{"line":28,"column":null}},"12":{"start":{"line":29,"column":46},"end":{"line":29,"column":null}},"13":{"start":{"line":30,"column":38},"end":{"line":30,"column":null}},"14":{"start":{"line":31,"column":28},"end":{"line":31,"column":null}},"15":{"start":{"line":32,"column":38},"end":{"line":32,"column":null}},"16":{"start":{"line":33,"column":46},"end":{"line":33,"column":null}},"17":{"start":{"line":34,"column":28},"end":{"line":34,"column":null}},"18":{"start":{"line":37,"column":2},"end":{"line":42,"column":null}},"19":{"start":{"line":38,"column":4},"end":{"line":38,"column":null}},"20":{"start":{"line":38,"column":52},"end":{"line":38,"column":92}},"21":{"start":{"line":39,"column":4},"end":{"line":41,"column":null}},"22":{"start":{"line":40,"column":6},"end":{"line":40,"column":null}},"23":{"start":{"line":44,"column":19},"end":{"line":44,"column":null}},"24":{"start":{"line":47,"column":4},"end":{"line":47,"column":null}},"25":{"start":{"line":48,"column":4},"end":{"line":54,"column":null}},"26":{"start":{"line":49,"column":19},"end":{"line":49,"column":null}},"27":{"start":{"line":50,"column":6},"end":{"line":53,"column":null}},"28":{"start":{"line":50,"column":29},"end":{"line":53,"column":8}},"29":{"start":{"line":58,"column":17},"end":{"line":58,"column":null}},"30":{"start":{"line":59,"column":44},"end":{"line":59,"column":null}},"31":{"start":{"line":60,"column":4},"end":{"line":60,"column":null}},"32":{"start":{"line":60,"column":31},"end":{"line":60,"column":null}},"33":{"start":{"line":61,"column":4},"end":{"line":61,"column":null}},"34":{"start":{"line":61,"column":27},"end":{"line":61,"column":65}},"35":{"start":{"line":64,"column":2},"end":{"line":85,"column":null}},"36":{"start":{"line":67,"column":6},"end":{"line":82,"column":null}},"37":{"start":{"line":68,"column":8},"end":{"line":68,"column":null}},"38":{"start":{"line":69,"column":8},"end":{"line":69,"column":null}},"39":{"start":{"line":70,"column":8},"end":{"line":78,"column":null}},"40":{"start":{"line":72,"column":10},"end":{"line":72,"column":null}},"41":{"start":{"line":73,"column":8},"end":{"line":78,"column":null}},"42":{"start":{"line":77,"column":10},"end":{"line":77,"column":null}},"43":{"start":{"line":81,"column":8},"end":{"line":81,"column":null}},"44":{"start":{"line":84,"column":4},"end":{"line":84,"column":null}},"45":{"start":{"line":88,"column":4},"end":{"line":88,"column":null}},"46":{"start":{"line":90,"column":26},"end":{"line":90,"column":null}},"47":{"start":{"line":92,"column":4},"end":{"line":95,"column":null}},"48":{"start":{"line":93,"column":6},"end":{"line":93,"column":null}},"49":{"start":{"line":94,"column":6},"end":{"line":94,"column":null}},"50":{"start":{"line":97,"column":24},"end":{"line":97,"column":null}},"51":{"start":{"line":98,"column":4},"end":{"line":102,"column":null}},"52":{"start":{"line":99,"column":6},"end":{"line":99,"column":null}},"53":{"start":{"line":100,"column":6},"end":{"line":100,"column":null}},"54":{"start":{"line":101,"column":6},"end":{"line":101,"column":null}},"55":{"start":{"line":104,"column":4},"end":{"line":104,"column":null}},"56":{"start":{"line":108,"column":4},"end":{"line":108,"column":null}},"57":{"start":{"line":109,"column":4},"end":{"line":109,"column":null}},"58":{"start":{"line":110,"column":4},"end":{"line":110,"column":null}},"59":{"start":{"line":111,"column":4},"end":{"line":111,"column":null}},"60":{"start":{"line":112,"column":4},"end":{"line":112,"column":null}},"61":{"start":{"line":113,"column":4},"end":{"line":113,"column":null}},"62":{"start":{"line":114,"column":4},"end":{"line":121,"column":null}},"63":{"start":{"line":115,"column":60},"end":{"line":115,"column":null}},"64":{"start":{"line":116,"column":6},"end":{"line":116,"column":null}},"65":{"start":{"line":117,"column":6},"end":{"line":117,"column":null}},"66":{"start":{"line":118,"column":6},"end":{"line":118,"column":null}},"67":{"start":{"line":120,"column":6},"end":{"line":120,"column":null}},"68":{"start":{"line":125,"column":4},"end":{"line":125,"column":null}},"69":{"start":{"line":126,"column":4},"end":{"line":126,"column":null}},"70":{"start":{"line":127,"column":4},"end":{"line":127,"column":null}},"71":{"start":{"line":128,"column":4},"end":{"line":128,"column":null}},"72":{"start":{"line":133,"column":15},"end":{"line":133,"column":null}},"73":{"start":{"line":134,"column":4},"end":{"line":134,"column":null}},"74":{"start":{"line":135,"column":4},"end":{"line":135,"column":null}},"75":{"start":{"line":139,"column":4},"end":{"line":139,"column":null}},"76":{"start":{"line":143,"column":4},"end":{"line":143,"column":null}},"77":{"start":{"line":147,"column":4},"end":{"line":147,"column":null}},"78":{"start":{"line":151,"column":4},"end":{"line":151,"column":null}},"79":{"start":{"line":152,"column":4},"end":{"line":152,"column":null}},"80":{"start":{"line":153,"column":4},"end":{"line":153,"column":null}},"81":{"start":{"line":154,"column":4},"end":{"line":154,"column":null}},"82":{"start":{"line":158,"column":4},"end":{"line":158,"column":null}},"83":{"start":{"line":159,"column":4},"end":{"line":159,"column":null}},"84":{"start":{"line":163,"column":4},"end":{"line":163,"column":null}},"85":{"start":{"line":164,"column":4},"end":{"line":164,"column":null}},"86":{"start":{"line":165,"column":4},"end":{"line":165,"column":null}},"87":{"start":{"line":166,"column":4},"end":{"line":166,"column":null}},"88":{"start":{"line":167,"column":4},"end":{"line":167,"column":null}},"89":{"start":{"line":168,"column":4},"end":{"line":168,"column":null}},"90":{"start":{"line":169,"column":4},"end":{"line":169,"column":null}},"91":{"start":{"line":172,"column":2},"end":{"line":184,"column":null}},"92":{"start":{"line":173,"column":4},"end":{"line":182,"column":null}},"93":{"start":{"line":186,"column":2},"end":{"line":194,"column":null}},"94":{"start":{"line":187,"column":4},"end":{"line":192,"column":null}},"95":{"start":{"line":196,"column":2},"end":{"line":205,"column":null}},"96":{"start":{"line":197,"column":4},"end":{"line":203,"column":null}},"97":{"start":{"line":207,"column":2},"end":{"line":304,"column":null}},"98":{"start":{"line":252,"column":10},"end":{"line":301,"column":null}},"99":{"start":{"line":255,"column":27},"end":{"line":255,"column":null}}},"fnMap":{"0":{"name":"storageKey","decl":{"start":{"line":16,"column":9},"end":{"line":16,"column":20}},"loc":{"start":{"line":16,"column":28},"end":{"line":18,"column":null}},"line":16},"1":{"name":"App","decl":{"start":{"line":20,"column":24},"end":{"line":20,"column":30}},"loc":{"start":{"line":20,"column":30},"end":{"line":306,"column":null}},"line":20},"2":{"name":"(anonymous_2)","decl":{"start":{"line":37,"column":12},"end":{"line":37,"column":18}},"loc":{"start":{"line":37,"column":18},"end":{"line":42,"column":5}},"line":37},"3":{"name":"(anonymous_3)","decl":{"start":{"line":38,"column":47},"end":{"line":38,"column":52}},"loc":{"start":{"line":38,"column":52},"end":{"line":38,"column":92}},"line":38},"4":{"name":"handleUserChange","decl":{"start":{"line":46,"column":11},"end":{"line":46,"column":28}},"loc":{"start":{"line":46,"column":31},"end":{"line":55,"column":null}},"line":46},"5":{"name":"(anonymous_5)","decl":{"start":{"line":50,"column":20},"end":{"line":50,"column":29}},"loc":{"start":{"line":50,"column":29},"end":{"line":53,"column":8}},"line":50},"6":{"name":"setLogDraft","decl":{"start":{"line":57,"column":11},"end":{"line":57,"column":23}},"loc":{"start":{"line":57,"column":32},"end":{"line":62,"column":null}},"line":57},"7":{"name":"(anonymous_7)","decl":{"start":{"line":61,"column":18},"end":{"line":61,"column":27}},"loc":{"start":{"line":61,"column":27},"end":{"line":61,"column":65}},"line":61},"8":{"name":"(anonymous_8)","decl":{"start":{"line":64,"column":12},"end":{"line":64,"column":18}},"loc":{"start":{"line":64,"column":18},"end":{"line":85,"column":5}},"line":64},"9":{"name":"tryInit","decl":{"start":{"line":66,"column":13},"end":{"line":66,"column":23}},"loc":{"start":{"line":66,"column":23},"end":{"line":83,"column":null}},"line":66},"10":{"name":"onSignIn","decl":{"start":{"line":87,"column":17},"end":{"line":87,"column":28}},"loc":{"start":{"line":87,"column":28},"end":{"line":105,"column":null}},"line":87},"11":{"name":"loadApp","decl":{"start":{"line":107,"column":17},"end":{"line":107,"column":25}},"loc":{"start":{"line":107,"column":39},"end":{"line":122,"column":null}},"line":107},"12":{"name":"handleSheetReady","decl":{"start":{"line":124,"column":11},"end":{"line":124,"column":28}},"loc":{"start":{"line":124,"column":32},"end":{"line":129,"column":null}},"line":124},"13":{"name":"handleUsersReady","decl":{"start":{"line":131,"column":17},"end":{"line":131,"column":34}},"loc":{"start":{"line":131,"column":44},"end":{"line":136,"column":null}},"line":131},"14":{"name":"refreshSets","decl":{"start":{"line":138,"column":17},"end":{"line":138,"column":31}},"loc":{"start":{"line":138,"column":31},"end":{"line":140,"column":null}},"line":138},"15":{"name":"refreshExercises","decl":{"start":{"line":142,"column":17},"end":{"line":142,"column":36}},"loc":{"start":{"line":142,"column":36},"end":{"line":144,"column":null}},"line":142},"16":{"name":"refreshPlans","decl":{"start":{"line":146,"column":17},"end":{"line":146,"column":32}},"loc":{"start":{"line":146,"column":32},"end":{"line":148,"column":null}},"line":146},"17":{"name":"handleSheetChange","decl":{"start":{"line":150,"column":17},"end":{"line":150,"column":35}},"loc":{"start":{"line":150,"column":39},"end":{"line":155,"column":null}},"line":150},"18":{"name":"handleUsersChange","decl":{"start":{"line":157,"column":11},"end":{"line":157,"column":29}},"loc":{"start":{"line":157,"column":39},"end":{"line":160,"column":null}},"line":157},"19":{"name":"handleSignOut","decl":{"start":{"line":162,"column":11},"end":{"line":162,"column":27}},"loc":{"start":{"line":162,"column":27},"end":{"line":170,"column":null}},"line":162},"20":{"name":"(anonymous_20)","decl":{"start":{"line":251,"column":18},"end":{"line":251,"column":null}},"loc":{"start":{"line":252,"column":10},"end":{"line":301,"column":null}},"line":252},"21":{"name":"(anonymous_21)","decl":{"start":{"line":255,"column":21},"end":{"line":255,"column":27}},"loc":{"start":{"line":255,"column":27},"end":{"line":255,"column":null}},"line":255}},"branchMap":{"0":{"loc":{"start":{"line":17,"column":27},"end":{"line":17,"column":52}},"type":"binary-expr","locations":[{"start":{"line":17,"column":27},"end":{"line":17,"column":43}},{"start":{"line":17,"column":43},"end":{"line":17,"column":52}}],"line":17},"1":{"loc":{"start":{"line":39,"column":4},"end":{"line":41,"column":null}},"type":"if","locations":[{"start":{"line":39,"column":4},"end":{"line":41,"column":null}},{"start":{},"end":{}}],"line":39},"2":{"loc":{"start":{"line":39,"column":8},"end":{"line":39,"column":57}},"type":"binary-expr","locations":[{"start":{"line":39,"column":8},"end":{"line":39,"column":28}},{"start":{"line":39,"column":28},"end":{"line":39,"column":57}}],"line":39},"3":{"loc":{"start":{"line":44,"column":51},"end":{"line":44,"column":114}},"type":"binary-expr","locations":[{"start":{"line":44,"column":51},"end":{"line":44,"column":77}},{"start":{"line":44,"column":77},"end":{"line":44,"column":114}}],"line":44},"4":{"loc":{"start":{"line":48,"column":4},"end":{"line":54,"column":null}},"type":"if","locations":[{"start":{"line":48,"column":4},"end":{"line":54,"column":null}},{"start":{},"end":{}}],"line":48},"5":{"loc":{"start":{"line":52,"column":19},"end":{"line":52,"column":56}},"type":"binary-expr","locations":[{"start":{"line":52,"column":19},"end":{"line":52,"column":30}},{"start":{"line":52,"column":30},"end":{"line":52,"column":56}}],"line":52},"6":{"loc":{"start":{"line":52,"column":64},"end":{"line":52,"column":96}},"type":"cond-expr","locations":[{"start":{"line":52,"column":71},"end":{"line":52,"column":93}},{"start":{"line":52,"column":93},"end":{"line":52,"column":96}}],"line":52},"7":{"loc":{"start":{"line":58,"column":17},"end":{"line":58,"column":null}},"type":"cond-expr","locations":[{"start":{"line":58,"column":49},"end":{"line":58,"column":69}},{"start":{"line":58,"column":69},"end":{"line":58,"column":null}}],"line":58},"8":{"loc":{"start":{"line":60,"column":4},"end":{"line":60,"column":null}},"type":"if","locations":[{"start":{"line":60,"column":4},"end":{"line":60,"column":null}},{"start":{},"end":{}}],"line":60},"9":{"loc":{"start":{"line":67,"column":6},"end":{"line":82,"column":null}},"type":"if","locations":[{"start":{"line":67,"column":6},"end":{"line":82,"column":null}},{"start":{"line":80,"column":13},"end":{"line":82,"column":null}}],"line":67},"10":{"loc":{"start":{"line":67,"column":10},"end":{"line":67,"column":68}},"type":"binary-expr","locations":[{"start":{"line":67,"column":10},"end":{"line":67,"column":43}},{"start":{"line":67,"column":43},"end":{"line":67,"column":68}}],"line":67},"11":{"loc":{"start":{"line":70,"column":8},"end":{"line":78,"column":null}},"type":"if","locations":[{"start":{"line":70,"column":8},"end":{"line":78,"column":null}},{"start":{"line":73,"column":8},"end":{"line":78,"column":null}}],"line":70},"12":{"loc":{"start":{"line":73,"column":8},"end":{"line":78,"column":null}},"type":"if","locations":[{"start":{"line":73,"column":8},"end":{"line":78,"column":null}},{"start":{},"end":{}}],"line":73},"13":{"loc":{"start":{"line":92,"column":4},"end":{"line":95,"column":null}},"type":"if","locations":[{"start":{"line":92,"column":4},"end":{"line":95,"column":null}},{"start":{},"end":{}}],"line":92},"14":{"loc":{"start":{"line":98,"column":4},"end":{"line":102,"column":null}},"type":"if","locations":[{"start":{"line":98,"column":4},"end":{"line":102,"column":null}},{"start":{},"end":{}}],"line":98},"15":{"loc":{"start":{"line":133,"column":15},"end":{"line":133,"column":null}},"type":"binary-expr","locations":[{"start":{"line":133,"column":15},"end":{"line":133,"column":44}},{"start":{"line":133,"column":44},"end":{"line":133,"column":null}}],"line":133},"16":{"loc":{"start":{"line":172,"column":2},"end":{"line":184,"column":null}},"type":"if","locations":[{"start":{"line":172,"column":2},"end":{"line":184,"column":null}},{"start":{},"end":{}}],"line":172},"17":{"loc":{"start":{"line":179,"column":13},"end":{"line":179,"column":null}},"type":"cond-expr","locations":[{"start":{"line":179,"column":25},"end":{"line":179,"column":49}},{"start":{"line":179,"column":49},"end":{"line":179,"column":null}}],"line":179},"18":{"loc":{"start":{"line":186,"column":2},"end":{"line":194,"column":null}},"type":"if","locations":[{"start":{"line":186,"column":2},"end":{"line":194,"column":null}},{"start":{},"end":{}}],"line":186},"19":{"loc":{"start":{"line":196,"column":2},"end":{"line":205,"column":null}},"type":"if","locations":[{"start":{"line":196,"column":2},"end":{"line":205,"column":null}},{"start":{},"end":{}}],"line":196},"20":{"loc":{"start":{"line":208,"column":26},"end":{"line":208,"column":82}},"type":"cond-expr","locations":[{"start":{"line":208,"column":42},"end":{"line":208,"column":80}},{"start":{"line":208,"column":80},"end":{"line":208,"column":82}}],"line":208},"21":{"loc":{"start":{"line":214,"column":9},"end":{"line":225,"column":null}},"type":"binary-expr","locations":[{"start":{"line":214,"column":9},"end":{"line":214,"column":null}},{"start":{"line":215,"column":10},"end":{"line":225,"column":null}}],"line":214},"22":{"loc":{"start":{"line":227,"column":9},"end":{"line":228,"column":null}},"type":"binary-expr","locations":[{"start":{"line":227,"column":9},"end":{"line":227,"column":null}},{"start":{"line":228,"column":10},"end":{"line":228,"column":null}}],"line":227},"23":{"loc":{"start":{"line":230,"column":9},"end":{"line":231,"column":null}},"type":"binary-expr","locations":[{"start":{"line":230,"column":9},"end":{"line":230,"column":null}},{"start":{"line":231,"column":10},"end":{"line":231,"column":null}}],"line":230},"24":{"loc":{"start":{"line":233,"column":9},"end":{"line":234,"column":null}},"type":"binary-expr","locations":[{"start":{"line":233,"column":9},"end":{"line":233,"column":null}},{"start":{"line":234,"column":10},"end":{"line":234,"column":null}}],"line":233},"25":{"loc":{"start":{"line":236,"column":9},"end":{"line":237,"column":null}},"type":"binary-expr","locations":[{"start":{"line":236,"column":9},"end":{"line":236,"column":null}},{"start":{"line":237,"column":10},"end":{"line":237,"column":null}}],"line":236},"26":{"loc":{"start":{"line":239,"column":9},"end":{"line":246,"column":null}},"type":"binary-expr","locations":[{"start":{"line":239,"column":9},"end":{"line":239,"column":null}},{"start":{"line":240,"column":10},"end":{"line":246,"column":null}}],"line":239},"27":{"loc":{"start":{"line":254,"column":34},"end":{"line":254,"column":59}},"type":"cond-expr","locations":[{"start":{"line":254,"column":46},"end":{"line":254,"column":57}},{"start":{"line":254,"column":57},"end":{"line":254,"column":59}}],"line":254},"28":{"loc":{"start":{"line":258,"column":15},"end":{"line":262,"column":null}},"type":"binary-expr","locations":[{"start":{"line":258,"column":15},"end":{"line":258,"column":null}},{"start":{"line":259,"column":16},"end":{"line":262,"column":null}}],"line":258},"29":{"loc":{"start":{"line":264,"column":15},"end":{"line":268,"column":null}},"type":"binary-expr","locations":[{"start":{"line":264,"column":15},"end":{"line":264,"column":null}},{"start":{"line":265,"column":16},"end":{"line":268,"column":null}}],"line":264},"30":{"loc":{"start":{"line":270,"column":15},"end":{"line":274,"column":null}},"type":"binary-expr","locations":[{"start":{"line":270,"column":15},"end":{"line":270,"column":null}},{"start":{"line":271,"column":16},"end":{"line":274,"column":null}}],"line":270},"31":{"loc":{"start":{"line":276,"column":15},"end":{"line":283,"column":null}},"type":"binary-expr","locations":[{"start":{"line":276,"column":15},"end":{"line":276,"column":null}},{"start":{"line":277,"column":16},"end":{"line":283,"column":null}}],"line":276},"32":{"loc":{"start":{"line":285,"column":15},"end":{"line":291,"column":null}},"type":"binary-expr","locations":[{"start":{"line":285,"column":15},"end":{"line":285,"column":null}},{"start":{"line":286,"column":16},"end":{"line":291,"column":null}}],"line":285},"33":{"loc":{"start":{"line":293,"column":15},"end":{"line":297,"column":null}},"type":"binary-expr","locations":[{"start":{"line":293,"column":15},"end":{"line":293,"column":null}},{"start":{"line":294,"column":16},"end":{"line":297,"column":null}}],"line":293}},"s":{"0":4,"1":4,"2":4,"3":34,"4":96,"5":96,"6":96,"7":96,"8":96,"9":96,"10":96,"11":96,"12":96,"13":96,"14":96,"15":96,"16":96,"17":96,"18":96,"19":35,"20":34,"21":35,"22":0,"23":96,"24":1,"25":1,"26":1,"27":1,"28":1,"29":9,"30":9,"31":9,"32":4,"33":9,"34":9,"35":96,"36":18,"37":18,"38":18,"39":18,"40":17,"41":1,"42":0,"43":0,"44":18,"45":17,"46":17,"47":17,"48":0,"49":0,"50":17,"51":17,"52":0,"53":0,"54":0,"55":17,"56":17,"57":17,"58":17,"59":17,"60":17,"61":17,"62":17,"63":17,"64":17,"65":17,"66":17,"67":17,"68":0,"69":0,"70":0,"71":0,"72":0,"73":0,"74":0,"75":1,"76":0,"77":0,"78":0,"79":0,"80":0,"81":0,"82":0,"83":0,"84":0,"85":0,"86":0,"87":0,"88":0,"89":0,"90":0,"91":96,"92":19,"93":77,"94":0,"95":77,"96":34,"97":43,"98":258,"99":15},"f":{"0":34,"1":96,"2":35,"3":34,"4":1,"5":1,"6":9,"7":9,"8":18,"9":18,"10":17,"11":17,"12":0,"13":0,"14":1,"15":0,"16":0,"17":0,"18":0,"19":0,"20":258,"21":15},"b":{"0":[34,0],"1":[0,35],"2":[35,17],"3":[96,36],"4":[1,0],"5":[1,0],"6":[1,0],"7":[9,0],"8":[4,5],"9":[18,0],"10":[18,18],"11":[17,1],"12":[0,1],"13":[0,17],"14":[0,17],"15":[0,0],"16":[19,77],"17":[1,18],"18":[0,77],"19":[34,43],"20":[29,14],"21":[96,29],"22":[96,1],"23":[96,5],"24":[96,1],"25":[96,6],"26":[96,1],"27":[43,215],"28":[258,43],"29":[258,43],"30":[258,43],"31":[258,43],"32":[258,43],"33":[258,43]},"meta":{"lastBranch":34,"lastFunction":22,"lastStatement":100,"seen":{"s:176:10:176:11":0,"s:1:44:1:Infinity":1,"s:14:13:14:Infinity":2,"f:16:9:16:20":0,"s:17:2:17:Infinity":3,"b:17:27:17:43:17:43:17:52":0,"f:20:24:20:30":1,"s:21:36:21:Infinity":4,"s:22:34:22:Infinity":5,"s:23:32:23:Infinity":6,"s:24:24:24:Infinity":7,"s:25:26:25:Infinity":8,"s:26:36:26:Infinity":9,"s:27:28:27:Infinity":10,"s:28:38:28:Infinity":11,"s:29:46:29:Infinity":12,"s:30:38:30:Infinity":13,"s:31:28:31:Infinity":14,"s:32:38:32:Infinity":15,"s:33:46:33:Infinity":16,"s:34:28:34:Infinity":17,"s:37:2:42:Infinity":18,"f:37:12:37:18":2,"s:38:4:38:Infinity":19,"f:38:47:38:52":3,"s:38:52:38:92":20,"b:39:4:41:Infinity:undefined:undefined:undefined:undefined":1,"s:39:4:41:Infinity":21,"b:39:8:39:28:39:28:39:57":2,"s:40:6:40:Infinity":22,"s:44:19:44:Infinity":23,"b:44:51:44:77:44:77:44:114":3,"f:46:11:46:28":4,"s:47:4:47:Infinity":24,"b:48:4:54:Infinity:undefined:undefined:undefined:undefined":4,"s:48:4:54:Infinity":25,"s:49:19:49:Infinity":26,"s:50:6:53:Infinity":27,"f:50:20:50:29":5,"s:50:29:53:8":28,"b:52:19:52:30:52:30:52:56":5,"b:52:71:52:93:52:93:52:96":6,"f:57:11:57:23":6,"s:58:17:58:Infinity":29,"b:58:49:58:69:58:69:58:Infinity":7,"s:59:44:59:Infinity":30,"b:60:4:60:Infinity:undefined:undefined:undefined:undefined":8,"s:60:4:60:Infinity":31,"s:60:31:60:Infinity":32,"s:61:4:61:Infinity":33,"f:61:18:61:27":7,"s:61:27:61:65":34,"s:64:2:85:Infinity":35,"f:64:12:64:18":8,"f:66:13:66:23":9,"b:67:6:82:Infinity:80:13:82:Infinity":9,"s:67:6:82:Infinity":36,"b:67:10:67:43:67:43:67:68":10,"s:68:8:68:Infinity":37,"s:69:8:69:Infinity":38,"b:70:8:78:Infinity:73:8:78:Infinity":11,"s:70:8:78:Infinity":39,"s:72:10:72:Infinity":40,"b:73:8:78:Infinity:undefined:undefined:undefined:undefined":12,"s:73:8:78:Infinity":41,"s:77:10:77:Infinity":42,"s:81:8:81:Infinity":43,"s:84:4:84:Infinity":44,"f:87:17:87:28":10,"s:88:4:88:Infinity":45,"s:90:26:90:Infinity":46,"b:92:4:95:Infinity:undefined:undefined:undefined:undefined":13,"s:92:4:95:Infinity":47,"s:93:6:93:Infinity":48,"s:94:6:94:Infinity":49,"s:97:24:97:Infinity":50,"b:98:4:102:Infinity:undefined:undefined:undefined:undefined":14,"s:98:4:102:Infinity":51,"s:99:6:99:Infinity":52,"s:100:6:100:Infinity":53,"s:101:6:101:Infinity":54,"s:104:4:104:Infinity":55,"f:107:17:107:25":11,"s:108:4:108:Infinity":56,"s:109:4:109:Infinity":57,"s:110:4:110:Infinity":58,"s:111:4:111:Infinity":59,"s:112:4:112:Infinity":60,"s:113:4:113:Infinity":61,"s:114:4:121:Infinity":62,"s:115:60:115:Infinity":63,"s:116:6:116:Infinity":64,"s:117:6:117:Infinity":65,"s:118:6:118:Infinity":66,"s:120:6:120:Infinity":67,"f:124:11:124:28":12,"s:125:4:125:Infinity":68,"s:126:4:126:Infinity":69,"s:127:4:127:Infinity":70,"s:128:4:128:Infinity":71,"f:131:17:131:34":13,"s:133:15:133:Infinity":72,"b:133:15:133:44:133:44:133:Infinity":15,"s:134:4:134:Infinity":73,"s:135:4:135:Infinity":74,"f:138:17:138:31":14,"s:139:4:139:Infinity":75,"f:142:17:142:36":15,"s:143:4:143:Infinity":76,"f:146:17:146:32":16,"s:147:4:147:Infinity":77,"f:150:17:150:35":17,"s:151:4:151:Infinity":78,"s:152:4:152:Infinity":79,"s:153:4:153:Infinity":80,"s:154:4:154:Infinity":81,"f:157:11:157:29":18,"s:158:4:158:Infinity":82,"s:159:4:159:Infinity":83,"f:162:11:162:27":19,"s:163:4:163:Infinity":84,"s:164:4:164:Infinity":85,"s:165:4:165:Infinity":86,"s:166:4:166:Infinity":87,"s:167:4:167:Infinity":88,"s:168:4:168:Infinity":89,"s:169:4:169:Infinity":90,"b:172:2:184:Infinity:undefined:undefined:undefined:undefined":16,"s:172:2:184:Infinity":91,"s:173:4:182:Infinity":92,"b:179:25:179:49:179:49:179:Infinity":17,"b:186:2:194:Infinity:undefined:undefined:undefined:undefined":18,"s:186:2:194:Infinity":93,"s:187:4:192:Infinity":94,"b:196:2:205:Infinity:undefined:undefined:undefined:undefined":19,"s:196:2:205:Infinity":95,"s:197:4:203:Infinity":96,"s:207:2:304:Infinity":97,"b:208:42:208:80:208:80:208:82":20,"b:214:9:214:Infinity:215:10:225:Infinity":21,"b:227:9:227:Infinity:228:10:228:Infinity":22,"b:230:9:230:Infinity:231:10:231:Infinity":23,"b:233:9:233:Infinity:234:10:234:Infinity":24,"b:236:9:236:Infinity:237:10:237:Infinity":25,"b:239:9:239:Infinity:240:10:246:Infinity":26,"f:251:18:251:Infinity":20,"s:252:10:301:Infinity":98,"b:254:46:254:57:254:57:254:59":27,"f:255:21:255:27":21,"s:255:27:255:Infinity":99,"b:258:15:258:Infinity:259:16:262:Infinity":28,"b:264:15:264:Infinity:265:16:268:Infinity":29,"b:270:15:270:Infinity:271:16:274:Infinity":30,"b:276:15:276:Infinity:277:16:283:Infinity":31,"b:285:15:285:Infinity:286:16:291:Infinity":32,"b:293:15:293:Infinity:294:16:297:Infinity":33}}}
,"/Users/ethan/Documents/coding/YAWT/src/components/ConfirmDialog.jsx": {"path":"/Users/ethan/Documents/coding/YAWT/src/components/ConfirmDialog.jsx","statementMap":{"0":{"start":{"line":12,"column":10},"end":{"line":12,"column":11}},"1":{"start":{"line":8,"column":2},"end":{"line":20,"column":null}},"2":{"start":{"line":9,"column":51},"end":{"line":9,"column":97}},"3":{"start":{"line":9,"column":85},"end":{"line":9,"column":97}}},"fnMap":{"0":{"name":"ConfirmDialog","decl":{"start":{"line":1,"column":24},"end":{"line":1,"column":38}},"loc":{"start":{"line":7,"column":3},"end":{"line":22,"column":null}},"line":7},"1":{"name":"(anonymous_1)","decl":{"start":{"line":9,"column":44},"end":{"line":9,"column":49}},"loc":{"start":{"line":9,"column":49},"end":{"line":9,"column":null}},"line":9}},"branchMap":{"0":{"loc":{"start":{"line":2,"column":2},"end":{"line":2,"column":null}},"type":"default-arg","locations":[{"start":{"line":2,"column":10},"end":{"line":2,"column":null}}],"line":2},"1":{"loc":{"start":{"line":3,"column":2},"end":{"line":3,"column":null}},"type":"default-arg","locations":[{"start":{"line":3,"column":17},"end":{"line":3,"column":null}}],"line":3},"2":{"loc":{"start":{"line":4,"column":2},"end":{"line":4,"column":null}},"type":"default-arg","locations":[{"start":{"line":4,"column":17},"end":{"line":4,"column":null}}],"line":4},"3":{"loc":{"start":{"line":9,"column":51},"end":{"line":9,"column":97}},"type":"if","locations":[{"start":{"line":9,"column":51},"end":{"line":9,"column":97}},{"start":{},"end":{}}],"line":9}},"s":{"0":4,"1":0,"2":0,"3":0},"f":{"0":0,"1":0},"b":{"0":[0],"1":[0],"2":[0],"3":[0,0]},"meta":{"lastBranch":4,"lastFunction":2,"lastStatement":4,"seen":{"s:12:10:12:11":0,"f:1:24:1:38":0,"b:2:10:2:Infinity":0,"b:3:17:3:Infinity":1,"b:4:17:4:Infinity":2,"s:8:2:20:Infinity":1,"f:9:44:9:49":1,"b:9:51:9:97:undefined:undefined:undefined:undefined":3,"s:9:51:9:97":2,"s:9:85:9:97":3}}}
,"/Users/ethan/Documents/coding/YAWT/src/components/ExerciseSelector.jsx": {"path":"/Users/ethan/Documents/coding/YAWT/src/components/ExerciseSelector.jsx","statementMap":{"0":{"start":{"line":8,"column":6},"end":{"line":8,"column":7}},"1":{"start":{"line":4,"column":18},"end":{"line":4,"column":null}},"2":{"start":{"line":4,"column":71},"end":{"line":4,"column":83}},"3":{"start":{"line":5,"column":17},"end":{"line":5,"column":null}},"4":{"start":{"line":6,"column":2},"end":{"line":16,"column":null}},"5":{"start":{"line":10,"column":8},"end":{"line":14,"column":null}},"6":{"start":{"line":12,"column":12},"end":{"line":12,"column":null}}},"fnMap":{"0":{"name":"ExerciseSelector","decl":{"start":{"line":3,"column":24},"end":{"line":3,"column":41}},"loc":{"start":{"line":3,"column":107},"end":{"line":18,"column":null}},"line":3},"1":{"name":"(anonymous_1)","decl":{"start":{"line":4,"column":65},"end":{"line":4,"column":71}},"loc":{"start":{"line":4,"column":71},"end":{"line":4,"column":83}},"line":4},"2":{"name":"(anonymous_2)","decl":{"start":{"line":9,"column":18},"end":{"line":9,"column":19}},"loc":{"start":{"line":10,"column":8},"end":{"line":14,"column":null}},"line":10},"3":{"name":"(anonymous_3)","decl":{"start":{"line":11,"column":21},"end":{"line":11,"column":null}},"loc":{"start":{"line":12,"column":12},"end":{"line":12,"column":null}},"line":12}},"branchMap":{"0":{"loc":{"start":{"line":3,"column":71},"end":{"line":3,"column":96}},"type":"default-arg","locations":[{"start":{"line":3,"column":89},"end":{"line":3,"column":96}}],"line":3},"1":{"loc":{"start":{"line":4,"column":18},"end":{"line":4,"column":null}},"type":"cond-expr","locations":[{"start":{"line":4,"column":36},"end":{"line":4,"column":48}},{"start":{"line":4,"column":48},"end":{"line":4,"column":null}}],"line":4}},"s":{"0":4,"1":37,"2":210,"3":37,"4":37,"5":148,"6":229},"f":{"0":37,"1":210,"2":148,"3":229},"b":{"0":[37],"1":[7,30]},"meta":{"lastBranch":2,"lastFunction":4,"lastStatement":7,"seen":{"s:8:6:8:7":0,"f:3:24:3:41":0,"b:3:89:3:96":0,"s:4:18:4:Infinity":1,"b:4:36:4:48:4:48:4:Infinity":1,"f:4:65:4:71":1,"s:4:71:4:83":2,"s:5:17:5:Infinity":3,"s:6:2:16:Infinity":4,"f:9:18:9:19":2,"s:10:8:14:Infinity":5,"f:11:21:11:Infinity":3,"s:12:12:12:Infinity":6}}}
,"/Users/ethan/Documents/coding/YAWT/src/components/Fireworks.jsx": {"path":"/Users/ethan/Documents/coding/YAWT/src/components/Fireworks.jsx","statementMap":{"0":{"start":{"line":34,"column":10},"end":{"line":34,"column":11}},"1":{"start":{"line":1,"column":26},"end":{"line":1,"column":null}},"2":{"start":{"line":3,"column":18},"end":{"line":16,"column":null}},"3":{"start":{"line":19,"column":2},"end":{"line":22,"column":null}},"4":{"start":{"line":20,"column":15},"end":{"line":20,"column":null}},"5":{"start":{"line":21,"column":4},"end":{"line":21,"column":null}},"6":{"start":{"line":21,"column":17},"end":{"line":21,"column":null}},"7":{"start":{"line":24,"column":2},"end":{"line":47,"column":null}},"8":{"start":{"line":34,"column":10},"end":{"line":42,"column":null}}},"fnMap":{"0":{"name":"Fireworks","decl":{"start":{"line":18,"column":24},"end":{"line":18,"column":34}},"loc":{"start":{"line":18,"column":68},"end":{"line":49,"column":null}},"line":18},"1":{"name":"(anonymous_1)","decl":{"start":{"line":19,"column":12},"end":{"line":19,"column":18}},"loc":{"start":{"line":19,"column":18},"end":{"line":22,"column":5}},"line":19},"2":{"name":"(anonymous_2)","decl":{"start":{"line":21,"column":11},"end":{"line":21,"column":17}},"loc":{"start":{"line":21,"column":17},"end":{"line":21,"column":null}},"line":21},"3":{"name":"(anonymous_3)","decl":{"start":{"line":33,"column":23},"end":{"line":33,"column":24}},"loc":{"start":{"line":34,"column":10},"end":{"line":42,"column":null}},"line":34}},"branchMap":{"0":{"loc":{"start":{"line":18,"column":47},"end":{"line":18,"column":65}},"type":"default-arg","locations":[{"start":{"line":18,"column":55},"end":{"line":18,"column":65}}],"line":18}},"s":{"0":4,"1":4,"2":4,"3":0,"4":0,"5":0,"6":0,"7":0,"8":0},"f":{"0":0,"1":0,"2":0,"3":0},"b":{"0":[0]},"meta":{"lastBranch":1,"lastFunction":4,"lastStatement":9,"seen":{"s:34:10:34:11":0,"s:1:26:1:Infinity":1,"s:3:18:16:Infinity":2,"f:18:24:18:34":0,"b:18:55:18:65":0,"s:19:2:22:Infinity":3,"f:19:12:19:18":1,"s:20:15:20:Infinity":4,"s:21:4:21:Infinity":5,"f:21:11:21:17":2,"s:21:17:21:Infinity":6,"s:24:2:47:Infinity":7,"f:33:23:33:24":3,"s:34:10:42:Infinity":8}}}
,"/Users/ethan/Documents/coding/YAWT/src/components/SwipeableRow.jsx": {"path":"/Users/ethan/Documents/coding/YAWT/src/components/SwipeableRow.jsx","statementMap":{"0":{"start":{"line":99,"column":8},"end":{"line":99,"column":9}},"1":{"start":{"line":1,"column":44},"end":{"line":1,"column":null}},"2":{"start":{"line":4,"column":18},"end":{"line":4,"column":null}},"3":{"start":{"line":5,"column":30},"end":{"line":5,"column":null}},"4":{"start":{"line":6,"column":38},"end":{"line":6,"column":null}},"5":{"start":{"line":10,"column":20},"end":{"line":10,"column":null}},"6":{"start":{"line":12,"column":4},"end":{"line":12,"column":null}},"7":{"start":{"line":13,"column":4},"end":{"line":13,"column":null}},"8":{"start":{"line":16,"column":20},"end":{"line":16,"column":null}},"9":{"start":{"line":17,"column":20},"end":{"line":17,"column":null}},"10":{"start":{"line":18,"column":24},"end":{"line":18,"column":null}},"11":{"start":{"line":19,"column":24},"end":{"line":19,"column":null}},"12":{"start":{"line":21,"column":22},"end":{"line":21,"column":null}},"13":{"start":{"line":22,"column":2},"end":{"line":22,"column":null}},"14":{"start":{"line":22,"column":20},"end":{"line":22,"column":52}},"15":{"start":{"line":24,"column":2},"end":{"line":85,"column":null}},"16":{"start":{"line":25,"column":15},"end":{"line":25,"column":null}},"17":{"start":{"line":26,"column":4},"end":{"line":26,"column":null}},"18":{"start":{"line":26,"column":13},"end":{"line":26,"column":null}},"19":{"start":{"line":29,"column":16},"end":{"line":29,"column":null}},"20":{"start":{"line":30,"column":6},"end":{"line":30,"column":null}},"21":{"start":{"line":31,"column":6},"end":{"line":31,"column":null}},"22":{"start":{"line":32,"column":6},"end":{"line":32,"column":null}},"23":{"start":{"line":33,"column":6},"end":{"line":33,"column":null}},"24":{"start":{"line":34,"column":6},"end":{"line":34,"column":null}},"25":{"start":{"line":38,"column":6},"end":{"line":38,"column":null}},"26":{"start":{"line":38,"column":34},"end":{"line":38,"column":null}},"27":{"start":{"line":39,"column":16},"end":{"line":39,"column":null}},"28":{"start":{"line":40,"column":17},"end":{"line":40,"column":null}},"29":{"start":{"line":41,"column":17},"end":{"line":41,"column":null}},"30":{"start":{"line":43,"column":6},"end":{"line":45,"column":null}},"31":{"start":{"line":44,"column":8},"end":{"line":44,"column":null}},"32":{"start":{"line":47,"column":6},"end":{"line":47,"column":null}},"33":{"start":{"line":47,"column":41},"end":{"line":47,"column":null}},"34":{"start":{"line":49,"column":6},"end":{"line":49,"column":null}},"35":{"start":{"line":51,"column":23},"end":{"line":51,"column":null}},"36":{"start":{"line":52,"column":22},"end":{"line":52,"column":null}},"37":{"start":{"line":53,"column":6},"end":{"line":53,"column":null}},"38":{"start":{"line":57,"column":6},"end":{"line":57,"column":null}},"39":{"start":{"line":57,"column":34},"end":{"line":57,"column":null}},"40":{"start":{"line":58,"column":6},"end":{"line":58,"column":null}},"41":{"start":{"line":60,"column":23},"end":{"line":60,"column":null}},"42":{"start":{"line":61,"column":18},"end":{"line":61,"column":null}},"43":{"start":{"line":62,"column":6},"end":{"line":62,"column":null}},"44":{"start":{"line":64,"column":6},"end":{"line":73,"column":null}},"45":{"start":{"line":65,"column":8},"end":{"line":65,"column":null}},"46":{"start":{"line":66,"column":6},"end":{"line":73,"column":null}},"47":{"start":{"line":67,"column":8},"end":{"line":67,"column":null}},"48":{"start":{"line":69,"column":8},"end":{"line":69,"column":null}},"49":{"start":{"line":70,"column":8},"end":{"line":72,"column":null}},"50":{"start":{"line":70,"column":25},"end":{"line":72,"column":12}},"51":{"start":{"line":71,"column":28},"end":{"line":71,"column":49}},"52":{"start":{"line":71,"column":49},"end":{"line":71,"column":65}},"53":{"start":{"line":76,"column":4},"end":{"line":76,"column":null}},"54":{"start":{"line":77,"column":4},"end":{"line":77,"column":null}},"55":{"start":{"line":78,"column":4},"end":{"line":78,"column":null}},"56":{"start":{"line":80,"column":4},"end":{"line":84,"column":null}},"57":{"start":{"line":81,"column":6},"end":{"line":81,"column":null}},"58":{"start":{"line":82,"column":6},"end":{"line":82,"column":null}},"59":{"start":{"line":83,"column":6},"end":{"line":83,"column":null}},"60":{"start":{"line":88,"column":21},"end":{"line":88,"column":null}},"61":{"start":{"line":89,"column":4},"end":{"line":89,"column":null}},"62":{"start":{"line":90,"column":4},"end":{"line":90,"column":null}},"63":{"start":{"line":91,"column":4},"end":{"line":93,"column":null}},"64":{"start":{"line":91,"column":21},"end":{"line":93,"column":8}},"65":{"start":{"line":92,"column":24},"end":{"line":92,"column":45}},"66":{"start":{"line":92,"column":45},"end":{"line":92,"column":61}},"67":{"start":{"line":96,"column":2},"end":{"line":121,"column":null}},"68":{"start":{"line":108,"column":10},"end":{"line":108,"column":null}},"69":{"start":{"line":108,"column":39},"end":{"line":108,"column":null}}},"fnMap":{"0":{"name":"SwipeableRow","decl":{"start":{"line":3,"column":24},"end":{"line":3,"column":37}},"loc":{"start":{"line":3,"column":61},"end":{"line":123,"column":null}},"line":3},"1":{"name":"applyOffset","decl":{"start":{"line":11,"column":11},"end":{"line":11,"column":23}},"loc":{"start":{"line":11,"column":28},"end":{"line":14,"column":null}},"line":11},"2":{"name":"(anonymous_2)","decl":{"start":{"line":22,"column":12},"end":{"line":22,"column":18}},"loc":{"start":{"line":22,"column":18},"end":{"line":22,"column":55}},"line":22},"3":{"name":"(anonymous_3)","decl":{"start":{"line":24,"column":12},"end":{"line":24,"column":18}},"loc":{"start":{"line":24,"column":18},"end":{"line":85,"column":5}},"line":24},"4":{"name":"onTouchStart","decl":{"start":{"line":28,"column":13},"end":{"line":28,"column":26}},"loc":{"start":{"line":28,"column":29},"end":{"line":35,"column":null}},"line":28},"5":{"name":"onTouchMove","decl":{"start":{"line":37,"column":13},"end":{"line":37,"column":25}},"loc":{"start":{"line":37,"column":28},"end":{"line":54,"column":null}},"line":37},"6":{"name":"onTouchEnd","decl":{"start":{"line":56,"column":13},"end":{"line":56,"column":26}},"loc":{"start":{"line":56,"column":26},"end":{"line":74,"column":null}},"line":56},"7":{"name":"(anonymous_7)","decl":{"start":{"line":70,"column":19},"end":{"line":70,"column":25}},"loc":{"start":{"line":70,"column":25},"end":{"line":72,"column":12}},"line":70},"8":{"name":"(anonymous_8)","decl":{"start":{"line":71,"column":20},"end":{"line":71,"column":26}},"loc":{"start":{"line":71,"column":26},"end":{"line":71,"column":null}},"line":71},"9":{"name":"(anonymous_9)","decl":{"start":{"line":80,"column":11},"end":{"line":80,"column":17}},"loc":{"start":{"line":80,"column":17},"end":{"line":84,"column":null}},"line":80},"10":{"name":"handleDeleteTap","decl":{"start":{"line":87,"column":11},"end":{"line":87,"column":29}},"loc":{"start":{"line":87,"column":29},"end":{"line":94,"column":null}},"line":87},"11":{"name":"(anonymous_11)","decl":{"start":{"line":91,"column":15},"end":{"line":91,"column":21}},"loc":{"start":{"line":91,"column":21},"end":{"line":93,"column":8}},"line":91},"12":{"name":"(anonymous_12)","decl":{"start":{"line":92,"column":16},"end":{"line":92,"column":22}},"loc":{"start":{"line":92,"column":22},"end":{"line":92,"column":null}},"line":92},"13":{"name":"(anonymous_13)","decl":{"start":{"line":107,"column":25},"end":{"line":107,"column":31}},"loc":{"start":{"line":107,"column":31},"end":{"line":109,"column":null}},"line":107}},"branchMap":{"0":{"loc":{"start":{"line":26,"column":4},"end":{"line":26,"column":null}},"type":"if","locations":[{"start":{"line":26,"column":4},"end":{"line":26,"column":null}},{"start":{},"end":{}}],"line":26},"1":{"loc":{"start":{"line":38,"column":6},"end":{"line":38,"column":null}},"type":"if","locations":[{"start":{"line":38,"column":6},"end":{"line":38,"column":null}},{"start":{},"end":{}}],"line":38},"2":{"loc":{"start":{"line":43,"column":6},"end":{"line":45,"column":null}},"type":"if","locations":[{"start":{"line":43,"column":6},"end":{"line":45,"column":null}},{"start":{},"end":{}}],"line":43},"3":{"loc":{"start":{"line":43,"column":10},"end":{"line":43,"column":84}},"type":"binary-expr","locations":[{"start":{"line":43,"column":10},"end":{"line":43,"column":45}},{"start":{"line":43,"column":45},"end":{"line":43,"column":65}},{"start":{"line":43,"column":65},"end":{"line":43,"column":84}}],"line":43},"4":{"loc":{"start":{"line":44,"column":32},"end":{"line":44,"column":null}},"type":"cond-expr","locations":[{"start":{"line":44,"column":62},"end":{"line":44,"column":68}},{"start":{"line":44,"column":68},"end":{"line":44,"column":null}}],"line":44},"5":{"loc":{"start":{"line":47,"column":6},"end":{"line":47,"column":null}},"type":"if","locations":[{"start":{"line":47,"column":6},"end":{"line":47,"column":null}},{"start":{},"end":{}}],"line":47},"6":{"loc":{"start":{"line":57,"column":6},"end":{"line":57,"column":null}},"type":"if","locations":[{"start":{"line":57,"column":6},"end":{"line":57,"column":null}},{"start":{},"end":{}}],"line":57},"7":{"loc":{"start":{"line":60,"column":23},"end":{"line":60,"column":null}},"type":"binary-expr","locations":[{"start":{"line":60,"column":23},"end":{"line":60,"column":55}},{"start":{"line":60,"column":55},"end":{"line":60,"column":null}}],"line":60},"8":{"loc":{"start":{"line":64,"column":6},"end":{"line":73,"column":null}},"type":"if","locations":[{"start":{"line":64,"column":6},"end":{"line":73,"column":null}},{"start":{"line":66,"column":6},"end":{"line":73,"column":null}}],"line":64},"9":{"loc":{"start":{"line":66,"column":6},"end":{"line":73,"column":null}},"type":"if","locations":[{"start":{"line":66,"column":6},"end":{"line":73,"column":null}},{"start":{"line":68,"column":13},"end":{"line":73,"column":null}}],"line":66},"10":{"loc":{"start":{"line":88,"column":21},"end":{"line":88,"column":null}},"type":"binary-expr","locations":[{"start":{"line":88,"column":21},"end":{"line":88,"column":53}},{"start":{"line":88,"column":53},"end":{"line":88,"column":null}}],"line":88},"11":{"loc":{"start":{"line":105,"column":22},"end":{"line":105,"column":null}},"type":"cond-expr","locations":[{"start":{"line":105,"column":35},"end":{"line":105,"column":60}},{"start":{"line":105,"column":60},"end":{"line":105,"column":null}}],"line":105},"12":{"loc":{"start":{"line":108,"column":10},"end":{"line":108,"column":null}},"type":"if","locations":[{"start":{"line":108,"column":10},"end":{"line":108,"column":null}},{"start":{},"end":{}}],"line":108}},"s":{"0":4,"1":4,"2":137,"3":137,"4":137,"5":137,"6":0,"7":0,"8":137,"9":137,"10":137,"11":137,"12":137,"13":137,"14":137,"15":137,"16":89,"17":89,"18":0,"19":0,"20":0,"21":0,"22":0,"23":0,"24":0,"25":0,"26":0,"27":0,"28":0,"29":0,"30":0,"31":0,"32":0,"33":0,"34":0,"35":0,"36":0,"37":0,"38":0,"39":0,"40":0,"41":0,"42":0,"43":0,"44":0,"45":0,"46":0,"47":0,"48":0,"49":0,"50":0,"51":0,"52":0,"53":89,"54":89,"55":89,"56":89,"57":89,"58":89,"59":89,"60":0,"61":0,"62":0,"63":0,"64":0,"65":0,"66":0,"67":137,"68":0,"69":0},"f":{"0":137,"1":0,"2":137,"3":89,"4":0,"5":0,"6":0,"7":0,"8":0,"9":89,"10":0,"11":0,"12":0,"13":0},"b":{"0":[0,89],"1":[0,0],"2":[0,0],"3":[0,0,0],"4":[0,0],"5":[0,0],"6":[0,0],"7":[0,0],"8":[0,0],"9":[0,0],"10":[0,0],"11":[0,137],"12":[0,0]},"meta":{"lastBranch":13,"lastFunction":14,"lastStatement":70,"seen":{"s:99:8:99:9":0,"s:1:44:1:Infinity":1,"f:3:24:3:37":0,"s:4:18:4:Infinity":2,"s:5:30:5:Infinity":3,"s:6:38:6:Infinity":4,"s:10:20:10:Infinity":5,"f:11:11:11:23":1,"s:12:4:12:Infinity":6,"s:13:4:13:Infinity":7,"s:16:20:16:Infinity":8,"s:17:20:17:Infinity":9,"s:18:24:18:Infinity":10,"s:19:24:19:Infinity":11,"s:21:22:21:Infinity":12,"s:22:2:22:Infinity":13,"f:22:12:22:18":2,"s:22:20:22:52":14,"s:24:2:85:Infinity":15,"f:24:12:24:18":3,"s:25:15:25:Infinity":16,"b:26:4:26:Infinity:undefined:undefined:undefined:undefined":0,"s:26:4:26:Infinity":17,"s:26:13:26:Infinity":18,"f:28:13:28:26":4,"s:29:16:29:Infinity":19,"s:30:6:30:Infinity":20,"s:31:6:31:Infinity":21,"s:32:6:32:Infinity":22,"s:33:6:33:Infinity":23,"s:34:6:34:Infinity":24,"f:37:13:37:25":5,"b:38:6:38:Infinity:undefined:undefined:undefined:undefined":1,"s:38:6:38:Infinity":25,"s:38:34:38:Infinity":26,"s:39:16:39:Infinity":27,"s:40:17:40:Infinity":28,"s:41:17:41:Infinity":29,"b:43:6:45:Infinity:undefined:undefined:undefined:undefined":2,"s:43:6:45:Infinity":30,"b:43:10:43:45:43:45:43:65:43:65:43:84":3,"s:44:8:44:Infinity":31,"b:44:62:44:68:44:68:44:Infinity":4,"b:47:6:47:Infinity:undefined:undefined:undefined:undefined":5,"s:47:6:47:Infinity":32,"s:47:41:47:Infinity":33,"s:49:6:49:Infinity":34,"s:51:23:51:Infinity":35,"s:52:22:52:Infinity":36,"s:53:6:53:Infinity":37,"f:56:13:56:26":6,"b:57:6:57:Infinity:undefined:undefined:undefined:undefined":6,"s:57:6:57:Infinity":38,"s:57:34:57:Infinity":39,"s:58:6:58:Infinity":40,"s:60:23:60:Infinity":41,"b:60:23:60:55:60:55:60:Infinity":7,"s:61:18:61:Infinity":42,"s:62:6:62:Infinity":43,"b:64:6:73:Infinity:66:6:73:Infinity":8,"s:64:6:73:Infinity":44,"s:65:8:65:Infinity":45,"b:66:6:73:Infinity:68:13:73:Infinity":9,"s:66:6:73:Infinity":46,"s:67:8:67:Infinity":47,"s:69:8:69:Infinity":48,"s:70:8:72:Infinity":49,"f:70:19:70:25":7,"s:70:25:72:12":50,"f:71:20:71:26":8,"s:71:28:71:49":51,"s:71:49:71:65":52,"s:76:4:76:Infinity":53,"s:77:4:77:Infinity":54,"s:78:4:78:Infinity":55,"s:80:4:84:Infinity":56,"f:80:11:80:17":9,"s:81:6:81:Infinity":57,"s:82:6:82:Infinity":58,"s:83:6:83:Infinity":59,"f:87:11:87:29":10,"s:88:21:88:Infinity":60,"b:88:21:88:53:88:53:88:Infinity":10,"s:89:4:89:Infinity":61,"s:90:4:90:Infinity":62,"s:91:4:93:Infinity":63,"f:91:15:91:21":11,"s:91:21:93:8":64,"f:92:16:92:22":12,"s:92:24:92:45":65,"s:92:45:92:61":66,"s:96:2:121:Infinity":67,"b:105:35:105:60:105:60:105:Infinity":11,"f:107:25:107:31":13,"b:108:10:108:Infinity:undefined:undefined:undefined:undefined":12,"s:108:10:108:Infinity":68,"s:108:39:108:Infinity":69}}}
,"/Users/ethan/Documents/coding/YAWT/src/components/Toast.jsx": {"path":"/Users/ethan/Documents/coding/YAWT/src/components/Toast.jsx","statementMap":{"0":{"start":{"line":10,"column":4},"end":{"line":10,"column":5}},"1":{"start":{"line":1,"column":26},"end":{"line":1,"column":null}},"2":{"start":{"line":4,"column":2},"end":{"line":7,"column":null}},"3":{"start":{"line":5,"column":18},"end":{"line":5,"column":null}},"4":{"start":{"line":6,"column":4},"end":{"line":6,"column":null}},"5":{"start":{"line":6,"column":17},"end":{"line":6,"column":null}},"6":{"start":{"line":9,"column":2},"end":{"line":12,"column":null}}},"fnMap":{"0":{"name":"Toast","decl":{"start":{"line":3,"column":24},"end":{"line":3,"column":30}},"loc":{"start":{"line":3,"column":54},"end":{"line":14,"column":null}},"line":3},"1":{"name":"(anonymous_1)","decl":{"start":{"line":4,"column":12},"end":{"line":4,"column":18}},"loc":{"start":{"line":4,"column":18},"end":{"line":7,"column":5}},"line":4},"2":{"name":"(anonymous_2)","decl":{"start":{"line":6,"column":11},"end":{"line":6,"column":17}},"loc":{"start":{"line":6,"column":17},"end":{"line":6,"column":null}},"line":6}},"branchMap":{},"s":{"0":4,"1":4,"2":0,"3":0,"4":0,"5":0,"6":0},"f":{"0":0,"1":0,"2":0},"b":{},"meta":{"lastBranch":0,"lastFunction":3,"lastStatement":7,"seen":{"s:10:4:10:5":0,"s:1:26:1:Infinity":1,"f:3:24:3:30":0,"s:4:2:7:Infinity":2,"f:4:12:4:18":1,"s:5:18:5:Infinity":3,"s:6:4:6:Infinity":4,"f:6:11:6:17":2,"s:6:17:6:Infinity":5,"s:9:2:12:Infinity":6}}}
,"/Users/ethan/Documents/coding/YAWT/src/data/auth.js": {"path":"/Users/ethan/Documents/coding/YAWT/src/data/auth.js","statementMap":{"0":{"start":{"line":5,"column":18},"end":{"line":5,"column":55}},"1":{"start":{"line":6,"column":14},"end":{"line":6,"column":60}},"2":{"start":{"line":7,"column":17},"end":{"line":7,"column":28}},"3":{"start":{"line":9,"column":18},"end":{"line":9,"column":22}},"4":{"start":{"line":10,"column":18},"end":{"line":10,"column":22}},"5":{"start":{"line":11,"column":18},"end":{"line":11,"column":22}},"6":{"start":{"line":12,"column":14},"end":{"line":12,"column":18}},"7":{"start":{"line":15,"column":2},"end":{"line":40,"column":null}},"8":{"start":{"line":19,"column":6},"end":{"line":19,"column":null}},"9":{"start":{"line":19,"column":22},"end":{"line":19,"column":null}},"10":{"start":{"line":20,"column":6},"end":{"line":20,"column":null}},"11":{"start":{"line":21,"column":6},"end":{"line":21,"column":null}},"12":{"start":{"line":22,"column":6},"end":{"line":30,"column":null}},"13":{"start":{"line":23,"column":20},"end":{"line":25,"column":9}},"14":{"start":{"line":26,"column":21},"end":{"line":26,"column":37}},"15":{"start":{"line":27,"column":8},"end":{"line":27,"column":null}},"16":{"start":{"line":29,"column":8},"end":{"line":29,"column":null}},"17":{"start":{"line":31,"column":6},"end":{"line":37,"column":null}},"18":{"start":{"line":32,"column":8},"end":{"line":36,"column":null}},"19":{"start":{"line":38,"column":6},"end":{"line":38,"column":null}},"20":{"start":{"line":43,"column":31},"end":{"line":43,"column":64}},"21":{"start":{"line":45,"column":2},"end":{"line":45,"column":null}},"22":{"start":{"line":46,"column":2},"end":{"line":46,"column":null}},"23":{"start":{"line":47,"column":2},"end":{"line":47,"column":null}},"24":{"start":{"line":48,"column":2},"end":{"line":48,"column":null}},"25":{"start":{"line":49,"column":2},"end":{"line":49,"column":null}},"26":{"start":{"line":49,"column":8},"end":{"line":49,"column":42}},"27":{"start":{"line":51,"column":31},"end":{"line":51,"column":50}},"28":{"start":{"line":52,"column":31},"end":{"line":52,"column":52}},"29":{"start":{"line":53,"column":31},"end":{"line":53,"column":46}},"30":{"start":{"line":57,"column":2},"end":{"line":64,"column":null}},"31":{"start":{"line":58,"column":19},"end":{"line":58,"column":61}},"32":{"start":{"line":59,"column":4},"end":{"line":59,"column":null}},"33":{"start":{"line":59,"column":60},"end":{"line":59,"column":null}},"34":{"start":{"line":60,"column":4},"end":{"line":60,"column":null}},"35":{"start":{"line":61,"column":4},"end":{"line":61,"column":null}},"36":{"start":{"line":62,"column":4},"end":{"line":62,"column":null}},"37":{"start":{"line":63,"column":4},"end":{"line":63,"column":null}},"38":{"start":{"line":64,"column":12},"end":{"line":64,"column":25}},"39":{"start":{"line":69,"column":2},"end":{"line":69,"column":null}},"40":{"start":{"line":76,"column":2},"end":{"line":76,"column":null}}},"fnMap":{"0":{"name":"initAuth","decl":{"start":{"line":14,"column":16},"end":{"line":14,"column":24}},"loc":{"start":{"line":14,"column":35},"end":{"line":41,"column":null}},"line":14},"1":{"name":"(anonymous_1)","decl":{"start":{"line":18,"column":14},"end":{"line":18,"column":19}},"loc":{"start":{"line":18,"column":30},"end":{"line":39,"column":5}},"line":18},"2":{"name":"signIn","decl":{"start":{"line":43,"column":16},"end":{"line":43,"column":22}},"loc":{"start":{"line":43,"column":29},"end":{"line":43,"column":null}},"line":43},"3":{"name":"signOut","decl":{"start":{"line":44,"column":16},"end":{"line":44,"column":23}},"loc":{"start":{"line":44,"column":29},"end":{"line":50,"column":null}},"line":44},"4":{"name":"getToken","decl":{"start":{"line":51,"column":16},"end":{"line":51,"column":24}},"loc":{"start":{"line":51,"column":29},"end":{"line":51,"column":null}},"line":51},"5":{"name":"isSignedIn","decl":{"start":{"line":52,"column":16},"end":{"line":52,"column":26}},"loc":{"start":{"line":52,"column":29},"end":{"line":52,"column":null}},"line":52},"6":{"name":"getUserSub","decl":{"start":{"line":53,"column":16},"end":{"line":53,"column":26}},"loc":{"start":{"line":53,"column":29},"end":{"line":53,"column":null}},"line":53},"7":{"name":"tryRestoreSession","decl":{"start":{"line":56,"column":16},"end":{"line":56,"column":33}},"loc":{"start":{"line":56,"column":36},"end":{"line":65,"column":null}},"line":56},"8":{"name":"hasStoredSession","decl":{"start":{"line":68,"column":16},"end":{"line":68,"column":32}},"loc":{"start":{"line":68,"column":35},"end":{"line":70,"column":null}},"line":68},"9":{"name":"trySilentSignIn","decl":{"start":{"line":75,"column":16},"end":{"line":75,"column":31}},"loc":{"start":{"line":75,"column":34},"end":{"line":77,"column":null}},"line":75}},"branchMap":{"0":{"loc":{"start":{"line":19,"column":6},"end":{"line":19,"column":null}},"type":"if","locations":[{"start":{"line":19,"column":6},"end":{"line":19,"column":null}},{"start":{},"end":{}}],"line":19},"1":{"loc":{"start":{"line":27,"column":18},"end":{"line":27,"column":34}},"type":"binary-expr","locations":[{"start":{"line":27,"column":18},"end":{"line":27,"column":26}},{"start":{"line":27,"column":30},"end":{"line":27,"column":34}}],"line":27},"2":{"loc":{"start":{"line":59,"column":4},"end":{"line":59,"column":null}},"type":"if","locations":[{"start":{"line":59,"column":4},"end":{"line":59,"column":null}},{"start":{},"end":{}}],"line":59},"3":{"loc":{"start":{"line":59,"column":8},"end":{"line":59,"column":58}},"type":"binary-expr","locations":[{"start":{"line":59,"column":8},"end":{"line":59,"column":15}},{"start":{"line":59,"column":19},"end":{"line":59,"column":58}}],"line":59},"4":{"loc":{"start":{"line":62,"column":14},"end":{"line":62,"column":37}},"type":"binary-expr","locations":[{"start":{"line":62,"column":14},"end":{"line":62,"column":29}},{"start":{"line":62,"column":33},"end":{"line":62,"column":37}}],"line":62}},"s":{"0":4,"1":4,"2":4,"3":4,"4":4,"5":4,"6":4,"7":18,"8":0,"9":0,"10":0,"11":0,"12":0,"13":0,"14":0,"15":0,"16":0,"17":0,"18":0,"19":0,"20":0,"21":0,"22":0,"23":0,"24":0,"25":0,"26":0,"27":53,"28":0,"29":34,"30":18,"31":18,"32":18,"33":1,"34":17,"35":17,"36":17,"37":18,"38":0,"39":1,"40":0},"f":{"0":18,"1":0,"2":0,"3":0,"4":53,"5":0,"6":34,"7":18,"8":1,"9":0},"b":{"0":[0,0],"1":[0,0],"2":[1,17],"3":[18,17],"4":[17,0]},"meta":{"lastBranch":5,"lastFunction":10,"lastStatement":41,"seen":{"s:5:18:5:55":0,"s:6:14:6:60":1,"s:7:17:7:28":2,"s:9:18:9:22":3,"s:10:18:10:22":4,"s:11:18:11:22":5,"s:12:14:12:18":6,"f:14:16:14:24":0,"s:15:2:40:Infinity":7,"f:18:14:18:19":1,"b:19:6:19:Infinity:undefined:undefined:undefined:undefined":0,"s:19:6:19:Infinity":8,"s:19:22:19:Infinity":9,"s:20:6:20:Infinity":10,"s:21:6:21:Infinity":11,"s:22:6:30:Infinity":12,"s:23:20:25:9":13,"s:26:21:26:37":14,"s:27:8:27:Infinity":15,"b:27:18:27:26:27:30:27:34":1,"s:29:8:29:Infinity":16,"s:31:6:37:Infinity":17,"s:32:8:36:Infinity":18,"s:38:6:38:Infinity":19,"f:43:16:43:22":2,"s:43:31:43:64":20,"f:44:16:44:23":3,"s:45:2:45:Infinity":21,"s:46:2:46:Infinity":22,"s:47:2:47:Infinity":23,"s:48:2:48:Infinity":24,"s:49:2:49:Infinity":25,"s:49:8:49:42":26,"f:51:16:51:24":4,"s:51:31:51:50":27,"f:52:16:52:26":5,"s:52:31:52:52":28,"f:53:16:53:26":6,"s:53:31:53:46":29,"f:56:16:56:33":7,"s:57:2:64:Infinity":30,"s:58:19:58:61":31,"b:59:4:59:Infinity:undefined:undefined:undefined:undefined":2,"s:59:4:59:Infinity":32,"b:59:8:59:15:59:19:59:58":3,"s:59:60:59:Infinity":33,"s:60:4:60:Infinity":34,"s:61:4:61:Infinity":35,"s:62:4:62:Infinity":36,"b:62:14:62:29:62:33:62:37":4,"s:63:4:63:Infinity":37,"s:64:12:64:25":38,"f:68:16:68:32":8,"s:69:2:69:Infinity":39,"f:75:16:75:31":9,"s:76:2:76:Infinity":40}}}
,"/Users/ethan/Documents/coding/YAWT/src/data/exercises.js": {"path":"/Users/ethan/Documents/coding/YAWT/src/data/exercises.js","statementMap":{"0":{"start":{"line":1,"column":29},"end":{"line":4,"column":1}},"1":{"start":{"line":6,"column":25},"end":{"line":26,"column":1}}},"fnMap":{},"branchMap":{},"s":{"0":4,"1":4},"f":{},"b":{},"meta":{"lastBranch":0,"lastFunction":0,"lastStatement":2,"seen":{"s:1:29:4:1":0,"s:6:25:26:1":1}}}
,"/Users/ethan/Documents/coding/YAWT/src/data/grouping.js": {"path":"/Users/ethan/Documents/coding/YAWT/src/data/grouping.js","statementMap":{"0":{"start":{"line":1,"column":29},"end":{"line":1,"column":86}},"1":{"start":{"line":3,"column":26},"end":{"line":10,"column":1}},"2":{"start":{"line":13,"column":14},"end":{"line":13,"column":65}},"3":{"start":{"line":13,"column":56},"end":{"line":13,"column":63}},"4":{"start":{"line":14,"column":2},"end":{"line":19,"column":null}},"5":{"start":{"line":15,"column":20},"end":{"line":15,"column":52}},"6":{"start":{"line":16,"column":4},"end":{"line":16,"column":null}},"7":{"start":{"line":16,"column":27},"end":{"line":16,"column":49}},"8":{"start":{"line":16,"column":50},"end":{"line":16,"column":59}},"9":{"start":{"line":17,"column":24},"end":{"line":17,"column":64}},"10":{"start":{"line":17,"column":55},"end":{"line":17,"column":60}},"11":{"start":{"line":18,"column":4},"end":{"line":18,"column":null}},"12":{"start":{"line":20,"column":2},"end":{"line":22,"column":null}},"13":{"start":{"line":21,"column":21},"end":{"line":21,"column":42}},"14":{"start":{"line":22,"column":19},"end":{"line":22,"column":101}},"15":{"start":{"line":22,"column":70},"end":{"line":22,"column":98}}},"fnMap":{"0":{"name":"groupExercises","decl":{"start":{"line":12,"column":16},"end":{"line":12,"column":30}},"loc":{"start":{"line":12,"column":42},"end":{"line":23,"column":null}},"line":12},"1":{"name":"(anonymous_1)","decl":{"start":{"line":13,"column":51},"end":{"line":13,"column":52}},"loc":{"start":{"line":13,"column":56},"end":{"line":13,"column":63}},"line":13},"2":{"name":"(anonymous_2)","decl":{"start":{"line":17,"column":37},"end":{"line":17,"column":38}},"loc":{"start":{"line":17,"column":55},"end":{"line":17,"column":60}},"line":17},"3":{"name":"(anonymous_3)","decl":{"start":{"line":21,"column":12},"end":{"line":21,"column":17}},"loc":{"start":{"line":21,"column":21},"end":{"line":21,"column":42}},"line":21},"4":{"name":"(anonymous_4)","decl":{"start":{"line":22,"column":9},"end":{"line":22,"column":14}},"loc":{"start":{"line":22,"column":19},"end":{"line":22,"column":101}},"line":22},"5":{"name":"(anonymous_5)","decl":{"start":{"line":22,"column":60},"end":{"line":22,"column":61}},"loc":{"start":{"line":22,"column":70},"end":{"line":22,"column":98}},"line":22}},"branchMap":{"0":{"loc":{"start":{"line":15,"column":35},"end":{"line":15,"column":51}},"type":"binary-expr","locations":[{"start":{"line":15,"column":35},"end":{"line":15,"column":45}},{"start":{"line":15,"column":49},"end":{"line":15,"column":51}}],"line":15},"1":{"loc":{"start":{"line":16,"column":4},"end":{"line":16,"column":null}},"type":"if","locations":[{"start":{"line":16,"column":4},"end":{"line":16,"column":null}},{"start":{},"end":{}}],"line":16},"2":{"loc":{"start":{"line":18,"column":8},"end":{"line":18,"column":47}},"type":"binary-expr","locations":[{"start":{"line":18,"column":8},"end":{"line":18,"column":36}},{"start":{"line":18,"column":40},"end":{"line":18,"column":47}}],"line":18}},"s":{"0":4,"1":4,"2":50,"3":350,"4":50,"5":313,"6":313,"7":0,"8":0,"9":313,"10":600,"11":313,"12":50,"13":350,"14":200,"15":113},"f":{"0":50,"1":350,"2":600,"3":350,"4":200,"5":113},"b":{"0":[313,0],"1":[0,313],"2":[313,0]},"meta":{"lastBranch":3,"lastFunction":6,"lastStatement":16,"seen":{"s:1:29:1:86":0,"s:3:26:10:1":1,"f:12:16:12:30":0,"s:13:14:13:65":2,"f:13:51:13:52":1,"s:13:56:13:63":3,"s:14:2:19:Infinity":4,"s:15:20:15:52":5,"b:15:35:15:45:15:49:15:51":0,"b:16:4:16:Infinity:undefined:undefined:undefined:undefined":1,"s:16:4:16:Infinity":6,"s:16:27:16:49":7,"s:16:50:16:59":8,"s:17:24:17:64":9,"f:17:37:17:38":2,"s:17:55:17:60":10,"s:18:4:18:Infinity":11,"b:18:8:18:36:18:40:18:47":2,"s:20:2:22:Infinity":12,"f:21:12:21:17":3,"s:21:21:21:42":13,"f:22:9:22:14":4,"s:22:19:22:101":14,"f:22:60:22:61":5,"s:22:70:22:98":15}}}
,"/Users/ethan/Documents/coding/YAWT/src/data/logUtils.js": {"path":"/Users/ethan/Documents/coding/YAWT/src/data/logUtils.js","statementMap":{"0":{"start":{"line":2,"column":2},"end":{"line":4,"column":null}},"1":{"start":{"line":3,"column":17},"end":{"line":3,"column":92}},"2":{"start":{"line":4,"column":20},"end":{"line":4,"column":58}},"3":{"start":{"line":8,"column":2},"end":{"line":10,"column":null}},"4":{"start":{"line":9,"column":17},"end":{"line":9,"column":59}},"5":{"start":{"line":10,"column":20},"end":{"line":10,"column":65}},"6":{"start":{"line":14,"column":19},"end":{"line":19,"column":3}},"7":{"start":{"line":15,"column":9},"end":{"line":18,"column":null}},"8":{"start":{"line":20,"column":2},"end":{"line":20,"column":null}},"9":{"start":{"line":20,"column":24},"end":{"line":20,"column":null}},"10":{"start":{"line":21,"column":2},"end":{"line":21,"column":null}},"11":{"start":{"line":21,"column":39},"end":{"line":21,"column":68}},"12":{"start":{"line":25,"column":2},"end":{"line":25,"column":null}},"13":{"start":{"line":25,"column":20},"end":{"line":25,"column":null}},"14":{"start":{"line":26,"column":19},"end":{"line":26,"column":68}},"15":{"start":{"line":27,"column":2},"end":{"line":27,"column":38}},"16":{"start":{"line":27,"column":25},"end":{"line":27,"column":38}},"17":{"start":{"line":28,"column":2},"end":{"line":28,"column":null}},"18":{"start":{"line":32,"column":2},"end":{"line":32,"column":null}},"19":{"start":{"line":32,"column":32},"end":{"line":32,"column":null}},"20":{"start":{"line":33,"column":15},"end":{"line":33,"column":47}},"21":{"start":{"line":34,"column":2},"end":{"line":34,"column":34}},"22":{"start":{"line":34,"column":21},"end":{"line":34,"column":34}},"23":{"start":{"line":35,"column":2},"end":{"line":35,"column":null}}},"fnMap":{"0":{"name":"getBestSet","decl":{"start":{"line":1,"column":16},"end":{"line":1,"column":26}},"loc":{"start":{"line":1,"column":49},"end":{"line":5,"column":null}},"line":1},"1":{"name":"(anonymous_1)","decl":{"start":{"line":3,"column":12},"end":{"line":3,"column":13}},"loc":{"start":{"line":3,"column":17},"end":{"line":3,"column":92}},"line":3},"2":{"name":"(anonymous_2)","decl":{"start":{"line":4,"column":10},"end":{"line":4,"column":11}},"loc":{"start":{"line":4,"column":20},"end":{"line":4,"column":58}},"line":4},"3":{"name":"getLastSet","decl":{"start":{"line":7,"column":16},"end":{"line":7,"column":26}},"loc":{"start":{"line":7,"column":49},"end":{"line":11,"column":null}},"line":7},"4":{"name":"(anonymous_4)","decl":{"start":{"line":9,"column":12},"end":{"line":9,"column":13}},"loc":{"start":{"line":9,"column":17},"end":{"line":9,"column":59}},"line":9},"5":{"name":"(anonymous_5)","decl":{"start":{"line":10,"column":10},"end":{"line":10,"column":11}},"loc":{"start":{"line":10,"column":20},"end":{"line":10,"column":65}},"line":10},"6":{"name":"getBestRepsAtWeight","decl":{"start":{"line":13,"column":16},"end":{"line":13,"column":35}},"loc":{"start":{"line":13,"column":66},"end":{"line":22,"column":null}},"line":13},"7":{"name":"(anonymous_7)","decl":{"start":{"line":15,"column":4},"end":{"line":15,"column":5}},"loc":{"start":{"line":15,"column":9},"end":{"line":18,"column":null}},"line":15},"8":{"name":"(anonymous_8)","decl":{"start":{"line":21,"column":25},"end":{"line":21,"column":26}},"loc":{"start":{"line":21,"column":39},"end":{"line":21,"column":68}},"line":21},"9":{"name":"isNewPR","decl":{"start":{"line":24,"column":16},"end":{"line":24,"column":23}},"loc":{"start":{"line":24,"column":60},"end":{"line":29,"column":null}},"line":24},"10":{"name":"isNewBestSetEver","decl":{"start":{"line":31,"column":16},"end":{"line":31,"column":32}},"loc":{"start":{"line":31,"column":69},"end":{"line":36,"column":null}},"line":31}},"branchMap":{"0":{"loc":{"start":{"line":2,"column":9},"end":{"line":4,"column":70}},"type":"binary-expr","locations":[{"start":{"line":2,"column":9},"end":{"line":4,"column":62}},{"start":{"line":4,"column":66},"end":{"line":4,"column":70}}],"line":2},"1":{"loc":{"start":{"line":3,"column":17},"end":{"line":3,"column":92}},"type":"binary-expr","locations":[{"start":{"line":3,"column":17},"end":{"line":3,"column":40}},{"start":{"line":3,"column":44},"end":{"line":3,"column":59}},{"start":{"line":3,"column":63},"end":{"line":3,"column":77}},{"start":{"line":3,"column":81},"end":{"line":3,"column":92}}],"line":3},"2":{"loc":{"start":{"line":4,"column":20},"end":{"line":4,"column":58}},"type":"binary-expr","locations":[{"start":{"line":4,"column":20},"end":{"line":4,"column":39}},{"start":{"line":4,"column":43},"end":{"line":4,"column":58}}],"line":4},"3":{"loc":{"start":{"line":8,"column":9},"end":{"line":10,"column":77}},"type":"binary-expr","locations":[{"start":{"line":8,"column":9},"end":{"line":10,"column":69}},{"start":{"line":10,"column":73},"end":{"line":10,"column":77}}],"line":8},"4":{"loc":{"start":{"line":9,"column":17},"end":{"line":9,"column":59}},"type":"binary-expr","locations":[{"start":{"line":9,"column":17},"end":{"line":9,"column":40}},{"start":{"line":9,"column":44},"end":{"line":9,"column":59}}],"line":9},"5":{"loc":{"start":{"line":15,"column":9},"end":{"line":18,"column":null}},"type":"binary-expr","locations":[{"start":{"line":15,"column":9},"end":{"line":15,"column":32}},{"start":{"line":16,"column":9},"end":{"line":16,"column":24}},{"start":{"line":17,"column":9},"end":{"line":17,"column":28}},{"start":{"line":18,"column":9},"end":{"line":18,"column":null}}],"line":15},"6":{"loc":{"start":{"line":20,"column":2},"end":{"line":20,"column":null}},"type":"if","locations":[{"start":{"line":20,"column":2},"end":{"line":20,"column":null}},{"start":{},"end":{}}],"line":20},"7":{"loc":{"start":{"line":21,"column":39},"end":{"line":21,"column":68}},"type":"cond-expr","locations":[{"start":{"line":21,"column":60},"end":{"line":21,"column":61}},{"start":{"line":21,"column":64},"end":{"line":21,"column":68}}],"line":21},"8":{"loc":{"start":{"line":25,"column":2},"end":{"line":25,"column":null}},"type":"if","locations":[{"start":{"line":25,"column":2},"end":{"line":25,"column":null}},{"start":{},"end":{}}],"line":25},"9":{"loc":{"start":{"line":27,"column":2},"end":{"line":27,"column":38}},"type":"if","locations":[{"start":{"line":27,"column":2},"end":{"line":27,"column":38}},{"start":{},"end":{}}],"line":27},"10":{"loc":{"start":{"line":32,"column":2},"end":{"line":32,"column":null}},"type":"if","locations":[{"start":{"line":32,"column":2},"end":{"line":32,"column":null}},{"start":{},"end":{}}],"line":32},"11":{"loc":{"start":{"line":32,"column":6},"end":{"line":32,"column":30}},"type":"binary-expr","locations":[{"start":{"line":32,"column":6},"end":{"line":32,"column":18}},{"start":{"line":32,"column":22},"end":{"line":32,"column":30}}],"line":32},"12":{"loc":{"start":{"line":34,"column":2},"end":{"line":34,"column":34}},"type":"if","locations":[{"start":{"line":34,"column":2},"end":{"line":34,"column":34}},{"start":{},"end":{}}],"line":34},"13":{"loc":{"start":{"line":35,"column":9},"end":{"line":35,"column":77}},"type":"binary-expr","locations":[{"start":{"line":35,"column":9},"end":{"line":35,"column":29}},{"start":{"line":35,"column":34},"end":{"line":35,"column":56}},{"start":{"line":35,"column":60},"end":{"line":35,"column":76}}],"line":35}},"s":{"0":31,"1":187,"2":3,"3":35,"4":211,"5":6,"6":13,"7":79,"8":13,"9":9,"10":4,"11":0,"12":1,"13":0,"14":1,"15":1,"16":1,"17":0,"18":1,"19":0,"20":1,"21":1,"22":1,"23":0},"f":{"0":31,"1":187,"2":3,"3":35,"4":211,"5":6,"6":13,"7":79,"8":0,"9":1,"10":1},"b":{"0":[31,27],"1":[187,12,7,7],"2":[3,0],"3":[35,27],"4":[211,24],"5":[79,12,7,4],"6":[9,4],"7":[0,0],"8":[0,1],"9":[1,0],"10":[0,1],"11":[1,1],"12":[1,0],"13":[0,0,0]},"meta":{"lastBranch":14,"lastFunction":11,"lastStatement":24,"seen":{"f:1:16:1:26":0,"s:2:2:4:Infinity":0,"b:2:9:4:62:4:66:4:70":0,"f:3:12:3:13":1,"s:3:17:3:92":1,"b:3:17:3:40:3:44:3:59:3:63:3:77:3:81:3:92":1,"f:4:10:4:11":2,"s:4:20:4:58":2,"b:4:20:4:39:4:43:4:58":2,"f:7:16:7:26":3,"s:8:2:10:Infinity":3,"b:8:9:10:69:10:73:10:77":3,"f:9:12:9:13":4,"s:9:17:9:59":4,"b:9:17:9:40:9:44:9:59":4,"f:10:10:10:11":5,"s:10:20:10:65":5,"f:13:16:13:35":6,"s:14:19:19:3":6,"f:15:4:15:5":7,"s:15:9:18:Infinity":7,"b:15:9:15:32:16:9:16:24:17:9:17:28:18:9:18:Infinity":5,"b:20:2:20:Infinity:undefined:undefined:undefined:undefined":6,"s:20:2:20:Infinity":8,"s:20:24:20:Infinity":9,"s:21:2:21:Infinity":10,"f:21:25:21:26":8,"s:21:39:21:68":11,"b:21:60:21:61:21:64:21:68":7,"f:24:16:24:23":9,"b:25:2:25:Infinity:undefined:undefined:undefined:undefined":8,"s:25:2:25:Infinity":12,"s:25:20:25:Infinity":13,"s:26:19:26:68":14,"b:27:2:27:38:undefined:undefined:undefined:undefined":9,"s:27:2:27:38":15,"s:27:25:27:38":16,"s:28:2:28:Infinity":17,"f:31:16:31:32":10,"b:32:2:32:Infinity:undefined:undefined:undefined:undefined":10,"s:32:2:32:Infinity":18,"b:32:6:32:18:32:22:32:30":11,"s:32:32:32:Infinity":19,"s:33:15:33:47":20,"b:34:2:34:34:undefined:undefined:undefined:undefined":12,"s:34:2:34:34":21,"s:34:21:34:34":22,"s:35:2:35:Infinity":23,"b:35:9:35:29:35:34:35:56:35:60:35:76":13}}}
[...]
n":21},"end":{"line":137,"column":35}},{"start":{"line":137,"column":35},"end":{"line":137,"column":null}}],"line":137}},"s":{"0":4,"1":4,"2":0,"3":0,"4":0,"5":0,"6":0,"7":0,"8":0,"9":0,"10":0,"11":0,"12":0,"13":0,"14":0,"15":0,"16":0,"17":0,"18":0,"19":0,"20":0,"21":0,"22":0,"23":0,"24":0,"25":0,"26":0,"27":0,"28":0,"29":0,"30":0,"31":0,"32":0,"33":0,"34":0,"35":0,"36":0,"37":0,"38":0,"39":0,"40":0,"41":0,"42":0,"43":0},"f":{"0":0,"1":0,"2":0,"3":0,"4":0,"5":0,"6":0,"7":0,"8":0,"9":0,"10":0,"11":0,"12":0,"13":0},"b":{"0":[0,0],"1":[0,0],"2":[0,0],"3":[0,0],"4":[0,0],"5":[0,0],"6":[0,0],"7":[0,0],"8":[0,0],"9":[0,0]},"meta":{"lastBranch":10,"lastFunction":14,"lastStatement":44,"seen":{"s:64:10:64:11":0,"s:1:25:1:Infinity":1,"f:4:24:4:34":0,"s:6:38:6:Infinity":2,"s:7:32:7:Infinity":3,"s:8:28:8:Infinity":4,"s:11:36:11:Infinity":5,"f:13:17:13:35":1,"s:14:4:14:Infinity":6,"s:15:4:15:Infinity":7,"s:16:4:23:Infinity":8,"s:17:17:17:Infinity":9,"s:18:6:18:Infinity":10,"s:20:6:20:Infinity":11,"s:22:6:22:Infinity":12,"f:26:17:26:38":2,"s:27:15:27:Infinity":13,"b:28:4:28:Infinity:undefined:undefined:undefined:undefined":0,"s:28:4:28:Infinity":14,"s:28:13:28:Infinity":15,"s:29:4:29:Infinity":16,"s:30:4:30:Infinity":17,"s:31:4:42:Infinity":18,"s:32:20:32:Infinity":19,"b:33:6:36:Infinity:undefined:undefined:undefined:undefined":1,"s:33:6:36:Infinity":20,"s:34:8:34:Infinity":21,"s:35:8:35:Infinity":22,"s:37:6:37:Infinity":23,"s:39:6:39:Infinity":24,"s:41:6:41:Infinity":25,"f:45:11:45:29":3,"s:46:4:46:Infinity":26,"s:47:18:47:Infinity":27,"f:47:32:47:37":4,"s:47:37:47:45":28,"b:48:4:48:Infinity:undefined:undefined:undefined:undefined":2,"s:48:4:48:Infinity":29,"s:48:28:48:Infinity":30,"s:49:4:49:Infinity":31,"f:52:11:52:26":5,"s:53:4:53:Infinity":32,"f:53:17:53:25":6,"s:53:25:53:70":33,"f:53:34:53:35":7,"s:53:45:53:69":34,"b:53:59:53:67:53:67:53:69":3,"f:56:11:56:28":8,"s:57:4:57:Infinity":35,"f:57:17:57:25":9,"s:57:25:57:38":36,"b:60:2:99:Infinity:undefined:undefined:undefined:undefined":4,"s:60:2:99:Infinity":37,"s:61:4:97:Infinity":38,"f:67:27:67:28":10,"s:68:14:76:Infinity":39,"f:74:26:74:31":11,"s:74:31:74:Infinity":40,"b:78:13:78:Infinity:79:14:86:Infinity":5,"f:91:40:91:45":12,"s:91:45:91:54":41,"s:102:2:140:Infinity":42,"b:108:9:108:18:108:18:108:Infinity":6,"b:116:21:116:35:116:35:116:Infinity":7,"f:128:20:128:25":13,"s:128:25:128:Infinity":43,"b:135:20:135:31:135:31:135:Infinity":8,"b:137:21:137:35:137:35:137:Infinity":9}}}
,"/Users/ethan/Documents/coding/YAWT/src/views/StatsView.jsx": {"path":"/Users/ethan/Documents/coding/YAWT/src/views/StatsView.jsx","statementMap":{"0":{"start":{"line":31,"column":6},"end":{"line":31,"column":7}},"1":{"start":{"line":1,"column":45},"end":{"line":1,"column":null}},"2":{"start":{"line":8,"column":22},"end":{"line":12,"column":null}},"3":{"start":{"line":14,"column":19},"end":{"line":17,"column":null}},"4":{"start":{"line":15,"column":25},"end":{"line":15,"column":null}},"5":{"start":{"line":16,"column":2},"end":{"line":16,"column":null}},"6":{"start":{"line":19,"column":15},"end":{"line":19,"column":null}},"7":{"start":{"line":20,"column":24},"end":{"line":23,"column":null}},"8":{"start":{"line":21,"column":19},"end":{"line":21,"column":null}},"9":{"start":{"line":22,"column":2},"end":{"line":22,"column":null}},"10":{"start":{"line":26,"column":2},"end":{"line":26,"column":null}},"11":{"start":{"line":26,"column":35},"end":{"line":26,"column":null}},"12":{"start":{"line":27,"column":33},"end":{"line":27,"column":null}},"13":{"start":{"line":28,"column":20},"end":{"line":28,"column":null}},"14":{"start":{"line":29,"column":2},"end":{"line":34,"column":null}},"15":{"start":{"line":39,"column":30},"end":{"line":39,"column":null}},"16":{"start":{"line":40,"column":26},"end":{"line":40,"column":null}},"17":{"start":{"line":42,"column":27},"end":{"line":42,"column":null}},"18":{"start":{"line":42,"column":41},"end":{"line":42,"column":68}},"19":{"start":{"line":44,"column":26},"end":{"line":51,"column":null}},"20":{"start":{"line":45,"column":21},"end":{"line":45,"column":null}},"21":{"start":{"line":45,"column":38},"end":{"line":45,"column":59}},"22":{"start":{"line":46,"column":4},"end":{"line":49,"column":null}},"23":{"start":{"line":47,"column":25},"end":{"line":47,"column":null}},"24":{"start":{"line":47,"column":54},"end":{"line":47,"column":82}},"25":{"start":{"line":48,"column":6},"end":{"line":48,"column":null}},"26":{"start":{"line":50,"column":4},"end":{"line":50,"column":null}},"27":{"start":{"line":53,"column":50},"end":{"line":53,"column":null}},"28":{"start":{"line":56,"column":2},"end":{"line":56,"column":null}},"29":{"start":{"line":56,"column":20},"end":{"line":56,"column":58}},"30":{"start":{"line":58,"column":24},"end":{"line":74,"column":null}},"31":{"start":{"line":59,"column":27},"end":{"line":59,"column":null}},"32":{"start":{"line":60,"column":21},"end":{"line":60,"column":null}},"33":{"start":{"line":61,"column":21},"end":{"line":61,"column":null}},"34":{"start":{"line":62,"column":18},"end":{"line":62,"column":null}},"35":{"start":{"line":62,"column":57},"end":{"line":62,"column":70}},"36":{"start":{"line":63,"column":19},"end":{"line":63,"column":null}},"37":{"start":{"line":64,"column":4},"end":{"line":72,"column":null}},"38":{"start":{"line":65,"column":6},"end":{"line":65,"column":null}},"39":{"start":{"line":65,"column":48},"end":{"line":65,"column":null}},"40":{"start":{"line":66,"column":6},"end":{"line":66,"column":null}},"41":{"start":{"line":66,"column":33},"end":{"line":66,"column":null}},"42":{"start":{"line":67,"column":17},"end":{"line":67,"column":null}},"43":{"start":{"line":68,"column":6},"end":{"line":68,"column":null}},"44":{"start":{"line":68,"column":15},"end":{"line":68,"column":null}},"45":{"start":{"line":69,"column":6},"end":{"line":71,"column":null}},"46":{"start":{"line":70,"column":8},"end":{"line":70,"column":null}},"47":{"start":{"line":73,"column":4},"end":{"line":73,"column":null}},"48":{"start":{"line":76,"column":23},"end":{"line":79,"column":null}},"49":{"start":{"line":77,"column":10},"end":{"line":77,"column":null}},"50":{"start":{"line":81,"column":24},"end":{"line":88,"column":null}},"51":{"start":{"line":82,"column":18},"end":{"line":82,"column":null}},"52":{"start":{"line":83,"column":4},"end":{"line":83,"column":null}},"53":{"start":{"line":84,"column":27},"end":{"line":84,"column":null}},"54":{"start":{"line":85,"column":25},"end":{"line":85,"column":null}},"55":{"start":{"line":86,"column":24},"end":{"line":86,"column":null}},"56":{"start":{"line":87,"column":4},"end":{"line":87,"column":null}},"57":{"start":{"line":90,"column":24},"end":{"line":93,"column":null}},"58":{"start":{"line":91,"column":10},"end":{"line":91,"column":null}},"59":{"start":{"line":95,"column":24},"end":{"line":97,"column":null}},"60":{"start":{"line":96,"column":23},"end":{"line":96,"column":28}},"61":{"start":{"line":97,"column":28},"end":{"line":97,"column":33}},"62":{"start":{"line":99,"column":23},"end":{"line":99,"column":null}},"63":{"start":{"line":101,"column":2},"end":{"line":175,"column":null}},"64":{"start":{"line":105,"column":10},"end":{"line":111,"column":null}},"65":{"start":{"line":108,"column":27},"end":{"line":108,"column":null}},"66":{"start":{"line":116,"column":10},"end":{"line":122,"column":null}},"67":{"start":{"line":119,"column":27},"end":{"line":119,"column":null}},"68":{"start":{"line":131,"column":12},"end":{"line":142,"column":null}},"69":{"start":{"line":154,"column":25},"end":{"line":154,"column":null}}},"fnMap":{"0":{"name":"(anonymous_0)","decl":{"start":{"line":14,"column":19},"end":{"line":14,"column":20}},"loc":{"start":{"line":14,"column":32},"end":{"line":17,"column":null}},"line":14},"1":{"name":"(anonymous_1)","decl":{"start":{"line":20,"column":24},"end":{"line":20,"column":25}},"loc":{"start":{"line":20,"column":37},"end":{"line":23,"column":null}},"line":20},"2":{"name":"CustomTooltip","decl":{"start":{"line":25,"column":9},"end":{"line":25,"column":23}},"loc":{"start":{"line":25,"column":51},"end":{"line":36,"column":null}},"line":25},"3":{"name":"StatsView","decl":{"start":{"line":38,"column":24},"end":{"line":38,"column":34}},"loc":{"start":{"line":38,"column":93},"end":{"line":177,"column":null}},"line":38},"4":{"name":"(anonymous_4)","decl":{"start":{"line":42,"column":35},"end":{"line":42,"column":41}},"loc":{"start":{"line":42,"column":41},"end":{"line":42,"column":68}},"line":42},"5":{"name":"(anonymous_5)","decl":{"start":{"line":44,"column":34},"end":{"line":44,"column":40}},"loc":{"start":{"line":44,"column":40},"end":{"line":51,"column":5}},"line":44},"6":{"name":"(anonymous_6)","decl":{"start":{"line":45,"column":33},"end":{"line":45,"column":38}},"loc":{"start":{"line":45,"column":38},"end":{"line":45,"column":59}},"line":45},"7":{"name":"(anonymous_7)","decl":{"start":{"line":47,"column":44},"end":{"line":47,"column":45}},"loc":{"start":{"line":47,"column":54},"end":{"line":47,"column":82}},"line":47},"8":{"name":"(anonymous_8)","decl":{"start":{"line":56,"column":12},"end":{"line":56,"column":18}},"loc":{"start":{"line":56,"column":18},"end":{"line":56,"column":61}},"line":56},"9":{"name":"(anonymous_9)","decl":{"start":{"line":58,"column":32},"end":{"line":58,"column":38}},"loc":{"start":{"line":58,"column":38},"end":{"line":74,"column":5}},"line":58},"10":{"name":"(anonymous_10)","decl":{"start":{"line":62,"column":51},"end":{"line":62,"column":57}},"loc":{"start":{"line":62,"column":57},"end":{"line":62,"column":70}},"line":62},"11":{"name":"(anonymous_11)","decl":{"start":{"line":77,"column":4},"end":{"line":77,"column":10}},"loc":{"start":{"line":77,"column":10},"end":{"line":77,"column":null}},"line":77},"12":{"name":"(anonymous_12)","decl":{"start":{"line":81,"column":32},"end":{"line":81,"column":38}},"loc":{"start":{"line":81,"column":38},"end":{"line":88,"column":5}},"line":81},"13":{"name":"(anonymous_13)","decl":{"start":{"line":91,"column":4},"end":{"line":91,"column":10}},"loc":{"start":{"line":91,"column":10},"end":{"line":91,"column":null}},"line":91},"14":{"name":"(anonymous_14)","decl":{"start":{"line":96,"column":12},"end":{"line":96,"column":13}},"loc":{"start":{"line":96,"column":23},"end":{"line":96,"column":28}},"line":96},"15":{"name":"(anonymous_15)","decl":{"start":{"line":97,"column":10},"end":{"line":97,"column":11}},"loc":{"start":{"line":97,"column":28},"end":{"line":97,"column":33}},"line":97},"16":{"name":"(anonymous_16)","decl":{"start":{"line":104,"column":19},"end":{"line":104,"column":null}},"loc":{"start":{"line":105,"column":10},"end":{"line":111,"column":null}},"line":105},"17":{"name":"(anonymous_17)","decl":{"start":{"line":108,"column":21},"end":{"line":108,"column":27}},"loc":{"start":{"line":108,"column":27},"end":{"line":108,"column":null}},"line":108},"18":{"name":"(anonymous_18)","decl":{"start":{"line":115,"column":52},"end":{"line":115,"column":null}},"loc":{"start":{"line":116,"column":10},"end":{"line":122,"column":null}},"line":116},"19":{"name":"(anonymous_19)","decl":{"start":{"line":119,"column":21},"end":{"line":119,"column":27}},"loc":{"start":{"line":119,"column":27},"end":{"line":119,"column":null}},"line":119},"20":{"name":"(anonymous_20)","decl":{"start":{"line":130,"column":29},"end":{"line":130,"column":30}},"loc":{"start":{"line":131,"column":12},"end":{"line":142,"column":null}},"line":131},"21":{"name":"(anonymous_21)","decl":{"start":{"line":154,"column":20},"end":{"line":154,"column":25}},"loc":{"start":{"line":154,"column":25},"end":{"line":154,"column":null}},"line":154}},"branchMap":{"0":{"loc":{"start":{"line":26,"column":2},"end":{"line":26,"column":null}},"type":"if","locations":[{"start":{"line":26,"column":2},"end":{"line":26,"column":null}},{"start":{},"end":{}}],"line":26},"1":{"loc":{"start":{"line":26,"column":6},"end":{"line":26,"column":35}},"type":"binary-expr","locations":[{"start":{"line":26,"column":6},"end":{"line":26,"column":17}},{"start":{"line":26,"column":17},"end":{"line":26,"column":35}}],"line":26},"2":{"loc":{"start":{"line":28,"column":20},"end":{"line":28,"column":null}},"type":"cond-expr","locations":[{"start":{"line":28,"column":35},"end":{"line":28,"column":68}},{"start":{"line":28,"column":68},"end":{"line":28,"column":null}}],"line":28},"3":{"loc":{"start":{"line":38,"column":79},"end":{"line":38,"column":90}},"type":"default-arg","locations":[{"start":{"line":38,"column":87},"end":{"line":38,"column":90}}],"line":38},"4":{"loc":{"start":{"line":46,"column":4},"end":{"line":49,"column":null}},"type":"if","locations":[{"start":{"line":46,"column":4},"end":{"line":49,"column":null}},{"start":{},"end":{}}],"line":46},"5":{"loc":{"start":{"line":50,"column":11},"end":{"line":50,"column":null}},"type":"binary-expr","locations":[{"start":{"line":50,"column":11},"end":{"line":50,"column":54}},{"start":{"line":50,"column":54},"end":{"line":50,"column":null}}],"line":50},"6":{"loc":{"start":{"line":65,"column":6},"end":{"line":65,"column":null}},"type":"if","locations":[{"start":{"line":65,"column":6},"end":{"line":65,"column":null}},{"start":{},"end":{}}],"line":65},"7":{"loc":{"start":{"line":65,"column":10},"end":{"line":65,"column":48}},"type":"binary-expr","locations":[{"start":{"line":65,"column":10},"end":{"line":65,"column":31}},{"start":{"line":65,"column":31},"end":{"line":65,"column":48}}],"line":65},"8":{"loc":{"start":{"line":66,"column":6},"end":{"line":66,"column":null}},"type":"if","locations":[{"start":{"line":66,"column":6},"end":{"line":66,"column":null}},{"start":{},"end":{}}],"line":66},"9":{"loc":{"start":{"line":68,"column":6},"end":{"line":68,"column":null}},"type":"if","locations":[{"start":{"line":68,"column":6},"end":{"line":68,"column":null}},{"start":{},"end":{}}],"line":68},"10":{"loc":{"start":{"line":70,"column":26},"end":{"line":70,"column":49}},"type":"binary-expr","locations":[{"start":{"line":70,"column":26},"end":{"line":70,"column":44}},{"start":{"line":70,"column":44},"end":{"line":70,"column":49}}],"line":70},"11":{"loc":{"start":{"line":85,"column":25},"end":{"line":85,"column":null}},"type":"cond-expr","locations":[{"start":{"line":85,"column":50},"end":{"line":85,"column":56}},{"start":{"line":85,"column":56},"end":{"line":85,"column":null}}],"line":85},"12":{"loc":{"start":{"line":107,"column":35},"end":{"line":107,"column":67}},"type":"cond-expr","locations":[{"start":{"line":107,"column":54},"end":{"line":107,"column":65}},{"start":{"line":107,"column":65},"end":{"line":107,"column":67}}],"line":107},"13":{"loc":{"start":{"line":118,"column":37},"end":{"line":118,"column":65}},"type":"cond-expr","locations":[{"start":{"line":118,"column":52},"end":{"line":118,"column":63}},{"start":{"line":118,"column":63},"end":{"line":118,"column":65}}],"line":118},"14":{"loc":{"start":{"line":128,"column":7},"end":{"line":146,"column":null}},"type":"cond-expr","locations":[{"start":{"line":129,"column":8},"end":{"line":144,"column":null}},{"start":{"line":146,"column":8},"end":{"line":146,"column":null}}],"line":128},"15":{"loc":{"start":{"line":132,"column":45},"end":{"line":132,"column":77}},"type":"binary-expr","locations":[{"start":{"line":132,"column":45},"end":{"line":132,"column":70}},{"start":{"line":132,"column":70},"end":{"line":132,"column":77}}],"line":132},"16":{"loc":{"start":{"line":135,"column":17},"end":{"line":136,"column":null}},"type":"binary-expr","locations":[{"start":{"line":135,"column":17},"end":{"line":135,"column":null}},{"start":{"line":136,"column":18},"end":{"line":136,"column":null}}],"line":135},"17":{"loc":{"start":{"line":138,"column":17},"end":{"line":139,"column":null}},"type":"binary-expr","locations":[{"start":{"line":138,"column":17},"end":{"line":138,"column":null}},{"start":{"line":139,"column":18},"end":{"line":139,"column":null}}],"line":138},"18":{"loc":{"start":{"line":158,"column":9},"end":{"line":172,"column":null}},"type":"cond-expr","locations":[{"start":{"line":159,"column":10},"end":{"line":170,"column":null}},{"start":{"line":172,"column":10},"end":{"line":172,"column":null}}],"line":158}},"s":{"0":4,"1":4,"2":4,"3":4,"4":62,"5":62,"6":4,"7":4,"8":64,"9":64,"10":13,"11":13,"12":0,"13":0,"14":13,"15":8,"16":8,"17":8,"18":6,"19":8,"20":6,"21":36,"22":6,"23":6,"24":24,"25":6,"26":0,"27":8,"28":8,"29":6,"30":8,"31":7,"32":7,"33":7,"34":7,"35":49,"36":7,"37":7,"38":42,"39":0,"40":42,"41":14,"42":28,"43":28,"44":0,"45":28,"46":91,"47":7,"48":8,"49":6,"50":8,"51":7,"52":7,"53":7,"54":7,"55":7,"56":7,"57":8,"58":6,"59":8,"60":64,"61":128,"62":8,"63":8,"64":16,"65":0,"66":32,"67":1,"68":64,"69":0},"f":{"0":62,"1":64,"2":13,"3":8,"4":6,"5":6,"6":36,"7":24,"8":6,"9":7,"10":49,"11":6,"12":7,"13":6,"14":64,"15":128,"16":16,"17":0,"18":32,"19":1,"20":64,"21":0},"b":{"0":[13,0],"1":[13,0],"2":[0,0],"3":[8],"4":[6,0],"5":[0,0],"6":[0,42],"7":[42,42],"8":[14,28],"9":[0,28],"10":[91,56],"11":[0,7],"12":[8,8],"13":[8,24],"14":[8,0],"15":[64,0],"16":[64,16],"17":[64,64],"18":[8,0]},"meta":{"lastBranch":19,"lastFunction":22,"lastStatement":70,"seen":{"s:31:6:31:7":0,"s:1:45:1:Infinity":1,"s:8:22:12:Infinity":2,"s:14:19:17:Infinity":3,"f:14:19:14:20":0,"s:15:25:15:Infinity":4,"s:16:2:16:Infinity":5,"s:19:15:19:Infinity":6,"s:20:24:23:Infinity":7,"f:20:24:20:25":1,"s:21:19:21:Infinity":8,"s:22:2:22:Infinity":9,"f:25:9:25:23":2,"b:26:2:26:Infinity:undefined:undefined:undefined:undefined":0,"s:26:2:26:Infinity":10,"b:26:6:26:17:26:17:26:35":1,"s:26:35:26:Infinity":11,"s:27:33:27:Infinity":12,"s:28:20:28:Infinity":13,"b:28:35:28:68:28:68:28:Infinity":2,"s:29:2:34:Infinity":14,"f:38:24:38:34":3,"b:38:87:38:90":3,"s:39:30:39:Infinity":15,"s:40:26:40:Infinity":16,"s:42:27:42:Infinity":17,"f:42:35:42:41":4,"s:42:41:42:68":18,"s:44:26:51:Infinity":19,"f:44:34:44:40":5,"s:45:21:45:Infinity":20,"f:45:33:45:38":6,"s:45:38:45:59":21,"b:46:4:49:Infinity:undefined:undefined:undefined:undefined":4,"s:46:4:49:Infinity":22,"s:47:25:47:Infinity":23,"f:47:44:47:45":7,"s:47:54:47:82":24,"s:48:6:48:Infinity":25,"s:50:4:50:Infinity":26,"b:50:11:50:54:50:54:50:Infinity":5,"s:53:50:53:Infinity":27,"s:56:2:56:Infinity":28,"f:56:12:56:18":8,"s:56:20:56:58":29,"s:58:24:74:Infinity":30,"f:58:32:58:38":9,"s:59:27:59:Infinity":31,"s:60:21:60:Infinity":32,"s:61:21:61:Infinity":33,"s:62:18:62:Infinity":34,"f:62:51:62:57":10,"s:62:57:62:70":35,"s:63:19:63:Infinity":36,"s:64:4:72:Infinity":37,"b:65:6:65:Infinity:undefined:undefined:undefined:undefined":6,"s:65:6:65:Infinity":38,"b:65:10:65:31:65:31:65:48":7,"s:65:48:65:Infinity":39,"b:66:6:66:Infinity:undefined:undefined:undefined:undefined":8,"s:66:6:66:Infinity":40,"s:66:33:66:Infinity":41,"s:67:17:67:Infinity":42,"b:68:6:68:Infinity:undefined:undefined:undefined:undefined":9,"s:68:6:68:Infinity":43,"s:68:15:68:Infinity":44,"s:69:6:71:Infinity":45,"s:70:8:70:Infinity":46,"b:70:26:70:44:70:44:70:49":10,"s:73:4:73:Infinity":47,"s:76:23:79:Infinity":48,"f:77:4:77:10":11,"s:77:10:77:Infinity":49,"s:81:24:88:Infinity":50,"f:81:32:81:38":12,"s:82:18:82:Infinity":51,"s:83:4:83:Infinity":52,"s:84:27:84:Infinity":53,"s:85:25:85:Infinity":54,"b:85:50:85:56:85:56:85:Infinity":11,"s:86:24:86:Infinity":55,"s:87:4:87:Infinity":56,"s:90:24:93:Infinity":57,"f:91:4:91:10":13,"s:91:10:91:Infinity":58,"s:95:24:97:Infinity":59,"f:96:12:96:13":14,"s:96:23:96:28":60,"f:97:10:97:11":15,"s:97:28:97:33":61,"s:99:23:99:Infinity":62,"s:101:2:175:Infinity":63,"f:104:19:104:Infinity":16,"s:105:10:111:Infinity":64,"b:107:54:107:65:107:65:107:67":12,"f:108:21:108:27":17,"s:108:27:108:Infinity":65,"f:115:52:115:Infinity":18,"s:116:10:122:Infinity":66,"b:118:52:118:63:118:63:118:65":13,"f:119:21:119:27":19,"s:119:27:119:Infinity":67,"b:129:8:144:Infinity:146:8:146:Infinity":14,"f:130:29:130:30":20,"s:131:12:142:Infinity":68,"b:132:45:132:70:132:70:132:77":15,"b:135:17:135:Infinity:136:18:136:Infinity":16,"b:138:17:138:Infinity:139:18:139:Infinity":17,"f:154:20:154:25":21,"s:154:25:154:Infinity":69,"b:159:10:170:Infinity:172:10:172:Infinity":18}}}
}
